======== Checking equivalence of automata =======
Automata directory:   ./tests/aut_timbuk_smaller/
Timeout:              300 s
reading files ...
-----------------------------------------------
      aut1;      aut2;double-incl;double-incl-d;  congr-up;      '<=';
     A0053;     A0053;    0.0265;    0.0265;    0.0979;         1;        ok;
     A0053;     A0054;    0.0076;    0.0078;    0.0071;         0;        ok;
     A0053;     A0055;    0.0167;    0.0062;    0.0057;         0;        ok;
     A0053;     A0056;    0.0054;    0.0062;    0.0053;         0;        ok;
     A0053;     A0057;    0.0051;    0.0058;    0.0048;         0;        ok;
     A0053;     A0058;    0.0051;    0.0051;    0.0046;         0;        ok;
     A0053;     A0059;    0.0043;    0.0043;    0.0041;         0;        ok;
     A0053;     A0060;    0.0117;    0.0043;    0.0040;         0;        ok;
     A0053;     A0062;    0.0126;    0.0072;    0.0042;         0;        ok;
     A0053;     A0063;    0.0098;    0.0103;    0.0062;         0;        ok;
     A0053;     A0064;    0.0063;    0.0067;    0.0062;         0;        ok;
     A0053;     A0065;    0.0063;    0.0065;    0.0062;         0;        ok;
     A0053;     A0070;    0.0067;    0.0072;    0.0066;         0;        ok;
     A0053;     A0080;    0.0073;    0.0076;    0.0073;         0;        ok;
     A0053;     A0082;    0.0078;    0.0080;    0.0074;         0;        ok;
     A0053;     A0083;    0.0078;    0.0079;    0.0076;         0;        ok;
     A0053;     A0086;    0.0127;    0.0130;    0.0124;         0;        ok;
     A0053;     A0087;    0.0101;    0.0107;    0.0101;         0;        ok;
     A0053;     A0088;    0.0097;    0.0103;    0.0099;         0;        ok;
     A0053;     A0089;    0.0094;    0.0129;    0.0093;         0;        ok;
     A0054;     A0053;    0.0044;    0.0042;    0.0038;         0;        ok;
     A0054;     A0054;    0.0283;    0.0228;    0.0675;         1;        ok;
     A0054;     A0055;    0.0046;    0.0043;    0.0043;         0;        ok;
     A0054;     A0056;    0.0057;    0.0057;    0.0051;         0;        ok;
     A0054;     A0057;    0.0051;    0.0055;    0.0185;         0;        ok;
     A0054;     A0058;    0.0051;    0.0053;    0.0192;         0;        ok;
     A0054;     A0059;    0.0056;    0.0054;    0.0191;         0;        ok;
     A0054;     A0060;    0.0050;    0.0048;    0.0048;         0;        ok;
     A0054;     A0062;    0.0052;    0.0050;    0.0051;         0;        ok;
     A0054;     A0063;    0.0068;    0.0092;    0.0067;         0;        ok;
     A0054;     A0064;    0.0069;    0.0121;    0.0070;         0;        ok;
     A0054;     A0065;    0.0068;    0.0099;    0.0067;         0;        ok;
     A0054;     A0070;    0.0073;    0.0367;    0.0072;         0;        ok;
     A0054;     A0080;    0.0079;    0.0084;    0.0077;         0;        ok;
     A0054;     A0082;    0.0082;    0.0084;    0.0080;         0;        ok;
     A0054;     A0083;    0.0082;    0.0083;    0.0080;         0;        ok;
     A0054;     A0086;    0.0193;    0.0197;    0.0194;         0;        ok;
     A0054;     A0087;    0.0120;    0.0132;    0.0122;         0;        ok;
     A0054;     A0088;    0.0108;    0.0117;    0.0111;         0;        ok;
     A0054;     A0089;    0.0099;    0.0161;    0.0101;         0;        ok;
     A0055;     A0053;    0.0039;    0.0113;    0.0035;         0;        ok;
     A0055;     A0054;    0.0046;    0.0045;    0.0044;         0;        ok;
     A0055;     A0055;    0.0172;    0.0174;    0.0734;         1;        ok;
     A0055;     A0056;    0.0043;    0.0081;    0.0068;         0;        ok;
     A0055;     A0057;    0.0044;    0.0053;    0.0044;         0;        ok;
     A0055;     A0058;    0.0046;    0.0052;    0.0046;         0;        ok;
     A0055;     A0059;    0.0046;    0.0048;    0.0046;         0;        ok;
     A0055;     A0060;    0.0126;    0.0048;    0.0115;         0;        ok;
     A0055;     A0062;    0.0105;    0.0051;    0.0119;         0;        ok;
     A0055;     A0063;    0.0065;    0.0069;    0.0065;         0;        ok;
     A0055;     A0064;    0.0065;    0.0073;    0.0064;         0;        ok;
     A0055;     A0065;    0.0064;    0.0115;    0.0105;         0;        ok;
     A0055;     A0070;    0.0066;    0.0334;    0.0115;         0;        ok;
     A0055;     A0080;    0.0075;    0.0081;    0.0074;         0;        ok;
     A0055;     A0082;    0.0079;    0.0088;    0.0077;         0;        ok;
     A0055;     A0083;    0.0115;    0.0133;    0.0113;         0;        ok;
     A0055;     A0086;    0.0158;    0.0162;    0.0159;         0;        ok;
     A0055;     A0087;    0.0097;    0.0104;    0.0099;         0;        ok;
     A0055;     A0088;    0.0097;    0.0106;    0.0099;         0;        ok;
     A0055;     A0089;    0.0097;    0.0136;    0.0096;         0;        ok;
     A0056;     A0053;    0.0044;    0.0040;    0.0041;         0;        ok;
     A0056;     A0054;    0.0049;    0.0046;    0.0043;         0;        ok;
     A0056;     A0055;    0.0073;    0.0041;    0.0062;         0;        ok;
     A0056;     A0056;    0.0285;    0.0281;    0.0531;         1;        ok;
     A0056;     A0057;    0.0177;    0.0052;    0.0046;         0;        ok;
     A0056;     A0058;    0.0190;    0.0048;    0.0046;         0;        ok;
     A0056;     A0059;    0.0196;    0.0048;    0.0047;         0;        ok;
     A0056;     A0060;    0.0068;    0.0066;    0.0060;         0;        ok;
     A0056;     A0062;    0.0054;    0.0051;    0.0048;         0;        ok;
     A0056;     A0063;    0.0068;    0.0070;    0.0068;         0;        ok;
     A0056;     A0064;    0.0068;    0.0071;    0.0069;         0;        ok;
     A0056;     A0065;    0.0069;    0.0071;    0.0067;         0;        ok;
     A0056;     A0070;    0.0073;    0.0077;    0.0072;         0;        ok;
     A0056;     A0080;    0.0098;    0.0096;    0.0093;         0;        ok;
     A0056;     A0082;    0.0111;    0.0117;    0.0087;         0;        ok;
     A0056;     A0083;    0.0085;    0.0083;    0.0081;         0;        ok;
     A0056;     A0086;    0.0133;    0.0134;    0.0131;         0;        ok;
     A0056;     A0087;    0.0100;    0.0107;    0.0101;         0;        ok;
     A0056;     A0088;    0.0101;    0.0108;    0.0103;         0;        ok;
     A0056;     A0089;    0.0097;    0.0147;    0.0100;         0;        ok;
     A0057;     A0053;    0.0049;    0.0040;    0.0039;         0;        ok;
     A0057;     A0054;    0.0056;    0.0050;    0.0061;         0;        ok;
     A0057;     A0055;    0.0053;    0.0069;    0.0073;         0;        ok;
     A0057;     A0056;    0.0054;    0.0178;    0.0045;         0;        ok;
     A0057;     A0057;    0.0298;    0.0297;    0.0529;         1;        ok;
     A0057;     A0058;    0.0203;    0.0057;    0.0094;         0;        ok;
     A0057;     A0059;    0.0204;    0.0052;    0.0086;         0;        ok;
     A0057;     A0060;    0.0057;    0.0048;    0.0048;         0;        ok;
     A0057;     A0062;    0.0059;    0.0050;    0.0051;         0;        ok;
     A0057;     A0063;    0.0069;    0.0072;    0.0069;         0;        ok;
     A0057;     A0064;    0.0070;    0.0076;    0.0068;         0;        ok;
     A0057;     A0065;    0.0069;    0.0074;    0.0068;         0;        ok;
     A0057;     A0070;    0.0073;    0.0378;    0.0072;         0;        ok;
     A0057;     A0080;    0.0120;    0.0119;    0.0119;         0;        ok;
     A0057;     A0082;    0.0113;    0.0108;    0.0105;         0;        ok;
     A0057;     A0083;    0.0099;    0.0100;    0.0095;         0;        ok;
     A0057;     A0086;    0.0144;    0.0149;    0.0139;         0;        ok;
     A0057;     A0087;    0.0101;    0.0107;    0.0100;         0;        ok;
     A0057;     A0088;    0.0102;    0.0108;    0.0106;         0;        ok;
     A0057;     A0089;    0.0099;    0.0157;    0.0100;         0;        ok;
     A0058;     A0053;    0.0045;    0.0042;    0.0040;         0;        ok;
     A0058;     A0054;    0.0055;    0.0052;    0.0062;         0;        ok;
     A0058;     A0055;    0.0084;    0.0044;    0.0074;         0;        ok;
     A0058;     A0056;    0.0049;    0.0186;    0.0046;         0;        ok;
     A0058;     A0057;    0.0056;    0.0195;    0.0336;         0;        ok;
     A0058;     A0058;    0.0336;    0.0333;    0.0584;         1;        ok;
     A0058;     A0059;    0.0322;    0.0084;    0.0444;         0;        ok;
     A0058;     A0060;    0.0069;    0.0061;    0.0061;         0;        ok;
     A0058;     A0062;    0.0099;    0.0092;    0.0059;         0;        ok;
     A0058;     A0063;    0.0072;    0.0074;    0.0070;         0;        ok;
     A0058;     A0064;    0.0072;    0.0075;    0.0070;         0;        ok;
     A0058;     A0065;    0.0071;    0.0088;    0.0070;         0;        ok;
     A0058;     A0070;    0.0075;    0.0465;    0.0074;         0;        ok;
     A0058;     A0080;    0.0095;    0.0095;    0.0092;         0;        ok;
     A0058;     A0082;    0.0093;    0.0092;    0.0090;         0;        ok;
     A0058;     A0083;    0.0085;    0.0085;    0.0082;         0;        ok;
     A0058;     A0086;    0.0136;    0.0137;    0.0130;         0;        ok;
     A0058;     A0087;    0.0102;    0.0108;    0.0105;         0;        ok;
     A0058;     A0088;    0.0103;    0.0113;    0.0109;         0;        ok;
     A0058;     A0089;    0.0103;    0.0164;    0.0100;         0;        ok;
     A0059;     A0053;    0.0046;    0.0042;    0.0041;         0;        ok;
     A0059;     A0054;    0.0055;    0.0054;    0.0055;         0;        ok;
     A0059;     A0055;    0.0049;    0.0044;    0.0045;         0;        ok;
     A0059;     A0056;    0.0049;    0.0198;    0.0046;         0;        ok;
     A0059;     A0057;    0.0087;    0.0198;    0.0156;         0;        ok;
     A0059;     A0058;    0.0055;    0.0217;    0.0091;         0;        ok;
     A0059;     A0059;    0.0374;    0.0379;    0.0697;         1;        ok;
     A0059;     A0060;    0.0103;    0.0070;    0.0096;         0;        ok;
     A0059;     A0062;    0.0118;    0.0067;    0.0114;         0;        ok;
     A0059;     A0063;    0.0081;    0.0086;    0.0080;         0;        ok;
     A0059;     A0064;    0.0078;    0.0081;    0.0079;         0;        ok;
     A0059;     A0065;    0.0073;    0.0080;    0.0071;         0;        ok;
     A0059;     A0070;    0.0075;    0.0478;    0.0074;         0;        ok;
     A0059;     A0080;    0.0082;    0.0083;    0.0080;         0;        ok;
     A0059;     A0082;    0.0086;    0.0086;    0.0083;         0;        ok;
     A0059;     A0083;    0.0086;    0.0085;    0.0082;         0;        ok;
     A0059;     A0086;    0.0136;    0.0136;    0.0134;         0;        ok;
     A0059;     A0087;    0.0103;    0.0110;    0.0104;         0;        ok;
     A0059;     A0088;    0.0105;    0.0111;    0.0108;         0;        ok;
     A0059;     A0089;    0.0103;    0.0170;    0.0105;         0;        ok;
     A0060;     A0053;    0.0045;    0.0118;    0.0038;         0;        ok;
     A0060;     A0054;    0.0050;    0.0049;    0.0048;         0;        ok;
     A0060;     A0055;    0.0050;    0.0129;    0.0053;         0;        ok;
     A0060;     A0056;    0.0049;    0.0054;    0.0045;         0;        ok;
     A0060;     A0057;    0.0049;    0.0059;    0.0047;         0;        ok;
     A0060;     A0058;    0.0051;    0.0053;    0.0050;         0;        ok;
     A0060;     A0059;    0.0051;    0.0054;    0.0051;         0;        ok;
     A0060;     A0060;    0.0242;    0.0240;    0.0998;         1;        ok;
     A0060;     A0062;    0.0229;    0.0118;    0.1162;         0;        ok;
     A0060;     A0063;    0.0070;    0.0074;    0.0068;         0;        ok;
     A0060;     A0064;    0.0074;    0.0079;    0.0070;         0;        ok;
     A0060;     A0065;    0.0069;    0.0076;    0.0068;         0;        ok;
     A0060;     A0070;    0.0077;    0.0415;    0.0074;         0;        ok;
     A0060;     A0080;    0.0108;    0.0119;    0.0107;         0;        ok;
     A0060;     A0082;    0.0095;    0.0122;    0.0113;         0;        ok;
     A0060;     A0083;    0.0084;    0.0091;    0.0085;         0;        ok;
     A0060;     A0086;    0.0135;    0.0138;    0.0132;         0;        ok;
     A0060;     A0087;    0.0105;    0.0108;    0.0101;         0;        ok;
     A0060;     A0088;    0.0102;    0.0111;    0.0104;         0;        ok;
     A0060;     A0089;    0.0102;    0.0151;    0.0102;         0;        ok;
     A0062;     A0053;    0.0046;    0.0126;    0.0069;         0;        ok;
     A0062;     A0054;    0.0052;    0.0051;    0.0050;         0;        ok;
     A0062;     A0055;    0.0052;    0.0110;    0.0057;         0;        ok;
     A0062;     A0056;    0.0052;    0.0053;    0.0047;         0;        ok;
     A0062;     A0057;    0.0102;    0.0113;    0.0101;         0;        ok;
     A0062;     A0058;    0.0088;    0.0091;    0.0086;         0;        ok;
     A0062;     A0059;    0.0076;    0.0090;    0.0077;         0;        ok;
     A0062;     A0060;    0.0111;    0.0220;    0.1159;         0;        ok;
     A0062;     A0062;    0.0301;    0.0299;    0.0996;         1;        ok;
     A0062;     A0063;    0.0121;    0.0149;    0.0123;         0;        ok;
     A0062;     A0064;    0.0102;    0.0160;    0.0098;         0;        ok;
     A0062;     A0065;    0.0088;    0.0128;    0.0086;         0;        ok;
     A0062;     A0070;    0.0081;    0.0350;    0.0079;         0;        ok;
     A0062;     A0080;    0.0087;    0.0099;    0.0089;         0;        ok;
     A0062;     A0082;    0.0088;    0.0092;    0.0084;         0;        ok;
     A0062;     A0083;    0.0086;    0.0100;    0.0083;         0;        ok;
     A0062;     A0086;    0.0136;    0.0139;    0.0131;         0;        ok;
     A0062;     A0087;    0.0104;    0.0112;    0.0104;         0;        ok;
     A0062;     A0088;    0.0105;    0.0114;    0.0107;         0;        ok;
     A0062;     A0089;    0.0103;    0.0151;    0.0105;         0;        ok;
     A0063;     A0053;    0.0067;    0.0062;    0.0062;         0;        ok;
     A0063;     A0054;    0.0092;    0.0069;    0.0068;         0;        ok;
     A0063;     A0055;    0.0072;    0.0065;    0.0063;         0;        ok;
     A0063;     A0056;    0.0071;    0.0068;    0.0068;         0;        ok;
     A0063;     A0057;    0.0076;    0.0069;    0.0069;         0;        ok;
     A0063;     A0058;    0.0076;    0.0071;    0.0071;         0;        ok;
     A0063;     A0059;    0.0077;    0.0072;    0.0071;         0;        ok;
     A0063;     A0060;    0.0076;    0.0069;    0.0068;         0;        ok;
     A0063;     A0062;    0.0094;    0.0072;    0.0070;         0;        ok;
     A0063;     A0063;    0.2090;    0.2126;    0.0757;         1;        ok;
     A0063;     A0064;    0.2120;    0.2137;    0.0737;         1;        ok;
     A0063;     A0065;    0.1998;    0.1991;    0.0745;         1;        ok;
     A0063;     A0070;    0.0122;    0.0117;    0.0434;         0;        ok;
     A0063;     A0080;    0.1206;    0.0104;    0.0116;         0;        ok;
     A0063;     A0082;    0.0933;    0.0105;    0.0120;         0;        ok;
     A0063;     A0083;    0.1467;    0.0196;    0.0224;         0;        ok;
     A0063;     A0086;    0.0178;    0.0174;    0.0193;         0;        ok;
     A0063;     A0087;    0.0133;    0.0135;    0.0138;         0;        ok;
     A0063;     A0088;    0.0125;    0.0157;    0.0143;         0;        ok;
     A0063;     A0089;    0.0125;    0.0255;    0.0135;         0;        ok;
     A0064;     A0053;    0.0069;    0.0063;    0.0063;         0;        ok;
     A0064;     A0054;    0.0122;    0.0068;    0.0069;         0;        ok;
     A0064;     A0055;    0.0075;    0.0065;    0.0064;         0;        ok;
     A0064;     A0056;    0.0077;    0.0074;    0.0073;         0;        ok;
     A0064;     A0057;    0.0077;    0.0070;    0.0069;         0;        ok;
     A0064;     A0058;    0.0080;    0.0071;    0.0070;         0;        ok;
     A0064;     A0059;    0.0081;    0.0073;    0.0070;         0;        ok;
     A0064;     A0060;    0.0080;    0.0074;    0.0070;         0;        ok;
     A0064;     A0062;    0.0120;    0.0073;    0.0072;         0;        ok;
     A0064;     A0063;    0.2183;    0.2199;    0.0738;         1;        ok;
     A0064;     A0064;    0.2548;    0.2565;    0.1113;         1;        ok;
     A0064;     A0065;    0.2015;    0.1989;    0.0741;         1;        ok;
     A0064;     A0070;    0.0136;    0.0136;    0.0535;         0;        ok;
     A0064;     A0080;    0.1724;    0.0187;    0.0213;         0;        ok;
     A0064;     A0082;    0.1388;    0.0175;    0.0200;         0;        ok;
     A0064;     A0083;    0.1368;    0.0169;    0.0193;         0;        ok;
     A0064;     A0086;    0.0261;    0.0254;    0.0279;         0;        ok;
     A0064;     A0087;    0.0145;    0.0152;    0.0154;         0;        ok;
     A0064;     A0088;    0.0126;    0.0158;    0.0137;         0;        ok;
     A0064;     A0089;    0.0151;    0.0297;    0.0164;         0;        ok;
     A0065;     A0053;    0.0067;    0.0063;    0.0062;         0;        ok;
     A0065;     A0054;    0.0109;    0.0067;    0.0067;         0;        ok;
     A0065;     A0055;    0.0074;    0.0065;    0.0064;         0;        ok;
     A0065;     A0056;    0.0071;    0.0067;    0.0066;         0;        ok;
     A0065;     A0057;    0.0076;    0.0070;    0.0067;         0;        ok;
     A0065;     A0058;    0.0079;    0.0070;    0.0069;         0;        ok;
     A0065;     A0059;    0.0080;    0.0071;    0.0070;         0;        ok;
     A0065;     A0060;    0.0080;    0.0068;    0.0067;         0;        ok;
     A0065;     A0062;    0.0109;    0.0072;    0.0069;         0;        ok;
     A0065;     A0063;    0.1996;    0.1986;    0.0730;         1;        ok;
     A0065;     A0064;    0.2524;    0.2521;    0.1029;         1;        ok;
     A0065;     A0065;    0.1793;    0.1801;    0.0829;         1;        ok;
     A0065;     A0070;    0.0104;    0.0103;    0.0431;         0;        ok;
     A0065;     A0080;    0.1319;    0.0117;    0.0206;         0;        ok;
     A0065;     A0082;    0.1474;    0.0188;    0.0204;         0;        ok;
     A0065;     A0083;    0.1546;    0.0186;    0.0221;         0;        ok;
     A0065;     A0086;    0.0267;    0.0262;    0.0289;         0;        ok;
     A0065;     A0087;    0.0151;    0.0156;    0.0167;         0;        ok;
     A0065;     A0088;    0.0127;    0.0159;    0.0137;         0;        ok;
     A0065;     A0089;    0.0122;    0.0247;    0.0133;         0;        ok;
     A0070;     A0053;    0.0073;    0.0067;    0.0066;         0;        ok;
     A0070;     A0054;    0.0352;    0.0072;    0.0072;         0;        ok;
     A0070;     A0055;    0.0344;    0.0085;    0.0084;         0;        ok;
     A0070;     A0056;    0.0086;    0.0080;    0.0080;         0;        ok;
     A0070;     A0057;    0.0391;    0.0078;    0.0078;         0;        ok;
     A0070;     A0058;    0.0722;    0.0129;    0.0128;         0;        ok;
     A0070;     A0059;    0.0547;    0.0097;    0.0100;         0;        ok;
     A0070;     A0060;    0.0595;    0.0115;    0.0116;         0;        ok;
     A0070;     A0062;    0.0373;    0.0091;    0.0088;         0;        ok;
     A0070;     A0063;    0.0163;    0.0153;    0.0292;         0;        ok;
     A0070;     A0064;    0.0129;    0.0128;    0.0233;         0;        ok;
     A0070;     A0065;    0.0104;    0.0104;    0.0192;         0;        ok;
     A0070;     A0070;    0.1676;    0.1688;    0.0866;         1;        ok;
     A0070;     A0080;    0.0114;    0.0105;    0.0124;         0;        ok;
     A0070;     A0082;    0.0119;    0.0109;    0.0126;         0;        ok;
     A0070;     A0083;    0.0117;    0.0110;    0.0125;         0;        ok;
     A0070;     A0086;    0.0857;    0.0161;    0.0181;         0;        ok;
     A0070;     A0087;    0.0155;    0.0160;    0.0170;         0;        ok;
     A0070;     A0088;    0.0132;    0.0135;    0.0144;         0;        ok;
     A0070;     A0089;    0.0131;    0.0264;    0.0139;         0;        ok;
     A0080;     A0053;    0.0077;    0.0072;    0.0071;         0;        ok;
     A0080;     A0054;    0.0083;    0.0077;    0.0076;         0;        ok;
     A0080;     A0055;    0.0131;    0.0120;    0.0071;         0;        ok;
     A0080;     A0056;    0.0082;    0.0076;    0.0077;         0;        ok;
     A0080;     A0057;    0.0082;    0.0078;    0.0078;         0;        ok;
     A0080;     A0058;    0.0106;    0.0102;    0.0099;         0;        ok;
     A0080;     A0059;    0.0097;    0.0093;    0.0093;         0;        ok;
     A0080;     A0060;    0.0096;    0.0082;    0.0082;         0;        ok;
     A0080;     A0062;    0.0092;    0.0083;    0.0080;         0;        ok;
     A0080;     A0063;    0.0103;    0.1231;    0.0116;         0;        ok;
     A0080;     A0064;    0.0127;    0.1465;    0.0142;         0;        ok;
     A0080;     A0065;    0.0191;    0.1668;    0.0213;         0;        ok;
     A0080;     A0070;    0.0137;    0.0142;    0.0154;         0;        ok;
     A0080;     A0080;    0.1620;    0.1602;    0.2139;         1;        ok;
     A0080;     A0082;    0.1053;    0.0178;    0.0266;         0;        ok;
     A0080;     A0083;    0.1255;    0.0215;    0.0327;         0;        ok;
     A0080;     A0086;    0.0265;    0.0262;    0.0283;         0;        ok;
     A0080;     A0087;    0.0169;    0.0193;    0.0222;         0;        ok;
     A0080;     A0088;    0.0139;    0.0233;    0.0254;         0;        ok;
     A0080;     A0089;    0.0227;    0.0267;    0.0226;         0;        ok;
     A0082;     A0053;    0.0140;    0.0124;    0.0121;         0;        ok;
     A0082;     A0054;    0.0095;    0.0099;    0.0136;         0;        ok;
     A0082;     A0055;    0.0157;    0.0130;    0.0130;         0;        ok;
     A0082;     A0056;    0.0147;    0.0138;    0.0136;         0;        ok;
     A0082;     A0057;    0.0139;    0.0131;    0.0113;         0;        ok;
     A0082;     A0058;    0.0143;    0.0139;    0.0137;         0;        ok;
     A0082;     A0059;    0.0089;    0.0137;    0.0134;         0;        ok;
     A0082;     A0060;    0.0100;    0.0107;    0.0087;         0;        ok;
     A0082;     A0062;    0.0096;    0.0152;    0.0091;         0;        ok;
     A0082;     A0063;    0.0186;    0.1490;    0.0156;         0;        ok;
     A0082;     A0064;    0.0185;    0.1327;    0.0209;         0;        ok;
     A0082;     A0065;    0.0119;    0.1317;    0.0220;         0;        ok;
     A0082;     A0070;    0.0113;    0.0171;    0.0220;         0;        ok;
     A0082;     A0080;    0.0141;    0.0917;    0.0778;         0;        ok;
     A0082;     A0082;    0.2238;    0.2242;    0.2589;         1;        ok;
     A0082;     A0083;    0.2610;    0.2350;    0.2709;         1;        ok;
     A0082;     A0086;    0.0198;    0.0231;    0.0270;         0;        ok;
     A0082;     A0087;    0.0230;    0.2226;    0.0156;         0;        ok;
     A0082;     A0088;    0.0140;    0.3058;    0.0176;         0;        ok;
     A0082;     A0089;    0.0244;    0.2800;    0.0157;         0;        ok;
     A0083;     A0053;    0.0139;    0.0076;    0.0129;         0;        ok;
     A0083;     A0054;    0.0147;    0.0143;    0.0136;         0;        ok;
     A0083;     A0055;    0.0120;    0.0134;    0.0133;         0;        ok;
     A0083;     A0056;    0.0096;    0.0093;    0.0140;         0;        ok;
     A0083;     A0057;    0.0147;    0.0138;    0.0083;         0;        ok;
     A0083;     A0058;    0.0148;    0.0146;    0.0139;         0;        ok;
     A0083;     A0059;    0.0152;    0.0144;    0.0120;         0;        ok;
     A0083;     A0060;    0.0114;    0.0140;    0.0135;         0;        ok;
     A0083;     A0062;    0.0163;    0.0147;    0.0146;         0;        ok;
     A0083;     A0063;    0.0121;    0.1108;    0.0212;         0;        ok;
     A0083;     A0064;    0.0186;    0.1403;    0.0126;         0;        ok;
     A0083;     A0065;    0.0185;    0.1418;    0.0136;         0;        ok;
     A0083;     A0070;    0.0154;    0.0128;    0.0206;         0;        ok;
     A0083;     A0080;    0.0158;    0.1209;    0.0753;         0;        ok;
     A0083;     A0082;    0.2343;    0.2284;    0.2337;         1;        ok;
     A0083;     A0083;    0.2666;    0.2282;    0.2393;         1;        ok;
     A0083;     A0086;    0.0186;    0.0202;    0.0256;         0;        ok;
     A0083;     A0087;    0.0152;    0.2342;    0.0262;         0;        ok;
     A0083;     A0088;    0.0238;    0.3069;    0.0262;         0;        ok;
     A0083;     A0089;    0.0245;    0.2712;    0.0266;         0;        ok;
     A0086;     A0053;    0.0132;    0.0123;    0.0128;         0;        ok;
     A0086;     A0054;    0.0140;    0.0133;    0.0135;         0;        ok;
     A0086;     A0055;    0.0137;    0.0128;    0.0128;         0;        ok;
     A0086;     A0056;    0.0137;    0.0162;    0.0196;         0;        ok;
     A0086;     A0057;    0.0221;    0.0210;    0.0197;         0;        ok;
     A0086;     A0058;    0.0237;    0.0185;    0.0169;         0;        ok;
     A0086;     A0059;    0.0230;    0.0134;    0.0213;         0;        ok;
     A0086;     A0060;    0.0226;    0.0211;    0.0216;         0;        ok;
     A0086;     A0062;    0.0246;    0.0226;    0.0164;         0;        ok;
     A0086;     A0063;    0.0269;    0.0194;    0.0252;         0;        ok;
     A0086;     A0064;    0.0177;    0.0212;    0.0188;         0;        ok;
     A0086;     A0065;    0.0217;    0.0164;    0.0213;         0;        ok;
     A0086;     A0070;    0.0183;    0.0933;    0.0279;         0;        ok;
     A0086;     A0080;    0.0224;    0.0188;    0.0330;         0;        ok;
     A0086;     A0082;    0.0230;    0.0277;    0.0325;         0;        ok;
     A0086;     A0083;    0.0297;    0.0267;    0.0272;         0;        ok;
     A0086;     A0086;    0.4347;    0.4520;    0.3966;         1;        ok;
     A0086;     A0087;    0.0193;    0.0199;    0.0209;         0;        ok;
     A0086;     A0088;    0.0211;    0.0323;    0.0343;         0;        ok;
     A0086;     A0089;    0.0192;    0.2776;    0.0350;         0;        ok;
     A0087;     A0053;    0.0107;    0.0099;    0.0167;         0;        ok;
     A0087;     A0054;    0.0168;    0.0143;    0.0107;         0;        ok;
     A0087;     A0055;    0.0107;    0.0138;    0.0139;         0;        ok;
     A0087;     A0056;    0.0177;    0.0171;    0.0116;         0;        ok;
     A0087;     A0057;    0.0121;    0.0102;    0.0112;         0;        ok;
     A0087;     A0058;    0.0168;    0.0175;    0.0182;         0;        ok;
     A0087;     A0059;    0.0115;    0.0173;    0.0159;         0;        ok;
     A0087;     A0060;    0.0191;    0.0104;    0.0178;         0;        ok;
     A0087;     A0062;    0.0129;    0.0182;    0.0112;         0;        ok;
     A0087;     A0063;    0.0219;    0.0127;    0.0136;         0;        ok;
     A0087;     A0064;    0.0227;    0.0140;    0.0172;         0;        ok;
     A0087;     A0065;    0.0137;    0.0172;    0.0181;         0;        ok;
     A0087;     A0070;    0.0222;    0.0220;    0.0142;         0;        ok;
     A0087;     A0080;    0.0148;    0.0238;    0.0253;         0;        ok;
     A0087;     A0082;    0.2251;    0.0188;    0.0156;         0;        ok;
     A0087;     A0083;    0.2326;    0.0167;    0.0167;         0;        ok;
     A0087;     A0086;    0.0206;    0.0329;    0.0265;         0;        ok;
     A0087;     A0087;    0.5951;    0.6200;    0.1894;         1;        ok;
     A0087;     A0088;    1.0337;    0.9709;    0.2253;         1;        ok;
     A0087;     A0089;    0.0288;    0.4754;    0.0386;         0;        ok;
     A0088;     A0053;    0.0192;    0.0172;    0.0160;         0;        ok;
     A0088;     A0054;    0.0115;    0.0169;    0.0183;         0;        ok;
     A0088;     A0055;    0.0173;    0.0158;    0.0106;         0;        ok;
     A0088;     A0056;    0.0181;    0.0103;    0.0174;         0;        ok;
     A0088;     A0057;    0.0186;    0.0108;    0.0182;         0;        ok;
     A0088;     A0058;    0.0233;    0.0157;    0.0180;         0;        ok;
     A0088;     A0059;    0.0192;    0.0163;    0.0186;         0;        ok;
     A0088;     A0060;    0.0192;    0.0148;    0.0181;         0;        ok;
     A0088;     A0062;    0.0196;    0.0187;    0.0182;         0;        ok;
     A0088;     A0063;    0.0268;    0.0216;    0.0236;         0;        ok;
     A0088;     A0064;    0.0264;    0.0228;    0.0238;         0;        ok;
     A0088;     A0065;    0.0279;    0.0214;    0.0241;         0;        ok;
     A0088;     A0070;    0.0255;    0.0219;    0.0233;         0;        ok;
     A0088;     A0080;    0.0297;    0.0140;    0.0251;         0;        ok;
     A0088;     A0082;    0.3375;    0.0243;    0.0274;         0;        ok;
     A0088;     A0083;    0.3274;    0.0141;    0.0275;         0;        ok;
     A0088;     A0086;    0.0203;    0.0227;    0.0375;         0;        ok;
     A0088;     A0087;    0.8150;    0.8946;    0.2413;         1;        ok;
     A0088;     A0088;    1.1015;    1.1462;    0.2239;         1;        ok;
     A0088;     A0089;    0.0268;    0.4283;    0.0405;         0;        ok;
     A0089;     A0053;    0.0223;    0.0324;    0.0168;         0;        ok;
     A0089;     A0054;    0.0268;    0.0174;    0.0173;         0;        ok;
     A0089;     A0055;    0.0224;    0.0163;    0.0164;         0;        ok;
     A0089;     A0056;    0.0255;    0.0170;    0.0172;         0;        ok;
     A0089;     A0057;    0.0265;    0.0164;    0.0175;         0;        ok;
     A0089;     A0058;    0.0286;    0.0174;    0.0182;         0;        ok;
     A0089;     A0059;    0.0318;    0.0175;    0.0192;         0;        ok;
     A0089;     A0060;    0.0264;    0.0171;    0.0184;         0;        ok;
     A0089;     A0062;    0.0259;    0.0175;    0.0188;         0;        ok;
     A0089;     A0063;    0.0413;    0.0211;    0.0224;         0;        ok;
     A0089;     A0064;    0.0404;    0.0371;    0.0230;         0;        ok;
     A0089;     A0065;    0.0398;    0.0210;    0.0225;         0;        ok;
     A0089;     A0070;    0.0417;    0.0224;    0.0249;         0;        ok;
     A0089;     A0080;    0.0404;    0.0238;    0.0253;         0;        ok;
     A0089;     A0082;    0.4144;    0.0242;    0.0263;         0;        ok;
     A0089;     A0083;    0.4139;    0.0237;    0.0158;         0;        ok;
     A0089;     A0086;    0.3539;    0.0331;    0.0355;         0;        ok;
     A0089;     A0087;    0.3976;    0.0294;    0.0883;         0;        ok;
     A0089;     A0088;    0.3799;    0.0266;    0.0939;         0;        ok;
     A0089;     A0089;    0.7598;    0.7736;    0.1461;         1;        ok;
