======== Checking equivalence of automata =======
Automata directory:   tests/aut_timbuk_smaller/
Timeout:              300 s
reading files ...
-----------------------------------------------
      aut1;      aut2;double-incl;double-incl-d;  congr-up;      '<=';
     A0053;     A0053;  116.0000;  116.0000;   24.0000;         1;        ok;
     A0053;     A0054;    1.0000;    1.0000;    1.0000;         0;        ok;
     A0053;     A0055;   60.0000;    1.0000;    1.0000;         0;        ok;
     A0053;     A0056;    1.0000;   14.0000;    1.0000;         0;        ok;
     A0053;     A0057;    1.0000;    1.0000;    1.0000;         0;        ok;
     A0053;     A0058;    1.0000;    1.0000;    1.0000;         0;        ok;
     A0053;     A0059;    1.0000;    1.0000;    1.0000;         0;        ok;
     A0053;     A0060;   61.0000;    1.0000;    1.0000;         0;        ok;
     A0053;     A0062;   55.0000;    1.0000;    1.0000;         0;        ok;
     A0053;     A0063;    1.0000;    2.0000;    1.0000;         0;        ok;
     A0053;     A0064;    1.0000;    2.0000;    1.0000;         0;        ok;
     A0053;     A0065;    1.0000;    2.0000;    1.0000;         0;        ok;
     A0053;     A0070;    1.0000;    2.0000;    1.0000;         0;        ok;
     A0053;     A0080;    1.0000;    2.0000;    1.0000;         0;        ok;
     A0053;     A0082;    1.0000;    2.0000;    1.0000;         0;        ok;
     A0053;     A0083;    1.0000;    2.0000;    1.0000;         0;        ok;
     A0053;     A0086;    1.0000;    2.0000;    1.0000;         0;        ok;
     A0053;     A0087;    1.0000;    5.0000;    1.0000;         0;        ok;
     A0053;     A0088;    1.0000;    5.0000;    1.0000;         0;        ok;
     A0053;     A0089;    1.0000;    4.0000;    1.0000;         0;        ok;
     A0054;     A0053;    1.0000;    1.0000;    1.0000;         0;        ok;
     A0054;     A0054;  142.0000;  142.0000;   23.0000;         1;        ok;
     A0054;     A0055;    3.0000;    1.0000;    1.0000;         0;        ok;
     A0054;     A0056;    1.0000;   15.0000;    1.0000;         0;        ok;
     A0054;     A0057;    2.0000;   17.0000;    4.0000;         0;        ok;
     A0054;     A0058;    3.0000;   18.0000;    4.0000;         0;        ok;
     A0054;     A0059;    3.0000;    3.0000;    4.0000;         0;        ok;
     A0054;     A0060;    3.0000;    1.0000;    1.0000;         0;        ok;
     A0054;     A0062;    3.0000;    1.0000;    1.0000;         0;        ok;
     A0054;     A0063;    1.0000;    7.0000;    1.0000;         0;        ok;
     A0054;     A0064;    1.0000;    6.0000;    1.0000;         0;        ok;
     A0054;     A0065;    1.0000;    6.0000;    1.0000;         0;        ok;
     A0054;     A0070;    1.0000;   90.0000;    1.0000;         0;        ok;
     A0054;     A0080;    1.0000;    2.0000;    1.0000;         0;        ok;
     A0054;     A0082;    1.0000;    2.0000;    1.0000;         0;        ok;
     A0054;     A0083;    1.0000;    2.0000;    1.0000;         0;        ok;
     A0054;     A0086;    1.0000;    2.0000;    1.0000;         0;        ok;
     A0054;     A0087;    1.0000;    5.0000;    1.0000;         0;        ok;
     A0054;     A0088;    1.0000;    5.0000;    1.0000;         0;        ok;
     A0054;     A0089;    1.0000;    4.0000;    1.0000;         0;        ok;
     A0055;     A0053;    1.0000;   60.0000;    1.0000;         0;        ok;
     A0055;     A0054;    1.0000;    3.0000;    1.0000;         0;        ok;
     A0055;     A0055;  125.0000;  125.0000;   27.0000;         1;        ok;
     A0055;     A0056;    1.0000;   16.0000;    1.0000;         0;        ok;
     A0055;     A0057;    1.0000;   18.0000;    1.0000;         0;        ok;
     A0055;     A0058;    1.0000;   21.0000;    1.0000;         0;        ok;
     A0055;     A0059;    1.0000;    3.0000;    1.0000;         0;        ok;
     A0055;     A0060;   70.0000;    6.0000;    2.0000;         0;        ok;
     A0055;     A0062;   64.0000;    6.0000;    2.0000;         0;        ok;
     A0055;     A0063;    1.0000;    3.0000;    1.0000;         0;        ok;
     A0055;     A0064;    1.0000;    4.0000;    1.0000;         0;        ok;
     A0055;     A0065;    1.0000;    6.0000;    1.0000;         0;        ok;
     A0055;     A0070;    1.0000;   79.0000;    1.0000;         0;        ok;
     A0055;     A0080;    1.0000;    6.0000;    1.0000;         0;        ok;
     A0055;     A0082;    1.0000;    6.0000;    1.0000;         0;        ok;
     A0055;     A0083;    1.0000;    3.0000;    1.0000;         0;        ok;
     A0055;     A0086;    1.0000;    2.0000;    1.0000;         0;        ok;
     A0055;     A0087;    1.0000;    5.0000;    1.0000;         0;        ok;
     A0055;     A0088;    1.0000;    5.0000;    1.0000;         0;        ok;
     A0055;     A0089;    1.0000;    4.0000;    1.0000;         0;        ok;
     A0056;     A0053;   14.0000;    1.0000;    1.0000;         0;        ok;
     A0056;     A0054;   15.0000;    1.0000;    1.0000;         0;        ok;
     A0056;     A0055;   16.0000;    1.0000;    1.0000;         0;        ok;
     A0056;     A0056;  136.0000;  136.0000;   23.0000;         1;        ok;
     A0056;     A0057;   70.0000;    1.0000;    1.0000;         0;        ok;
     A0056;     A0058;   72.0000;    1.0000;    1.0000;         0;        ok;
     A0056;     A0059;   72.0000;    1.0000;    1.0000;         0;        ok;
     A0056;     A0060;   15.0000;    1.0000;    1.0000;         0;        ok;
     A0056;     A0062;   14.0000;    1.0000;    1.0000;         0;        ok;
     A0056;     A0063;    1.0000;    2.0000;    1.0000;         0;        ok;
     A0056;     A0064;    1.0000;    2.0000;    1.0000;         0;        ok;
     A0056;     A0065;    1.0000;    2.0000;    1.0000;         0;        ok;
     A0056;     A0070;    1.0000;    2.0000;    1.0000;         0;        ok;
     A0056;     A0080;    1.0000;    2.0000;    1.0000;         0;        ok;
     A0056;     A0082;    1.0000;    2.0000;    1.0000;         0;        ok;
     A0056;     A0083;    1.0000;    2.0000;    1.0000;         0;        ok;
     A0056;     A0086;    1.0000;    2.0000;    1.0000;         0;        ok;
     A0056;     A0087;    1.0000;    5.0000;    1.0000;         0;        ok;
     A0056;     A0088;    1.0000;    5.0000;    1.0000;         0;        ok;
     A0056;     A0089;    1.0000;    4.0000;    1.0000;         0;        ok;
     A0057;     A0053;    1.0000;    1.0000;    1.0000;         0;        ok;
     A0057;     A0054;   17.0000;    2.0000;    4.0000;         0;        ok;
     A0057;     A0055;   19.0000;    1.0000;    1.0000;         0;        ok;
     A0057;     A0056;    1.0000;   70.0000;    1.0000;         0;        ok;
     A0057;     A0057;  148.0000;  148.0000;   22.0000;         1;        ok;
     A0057;     A0058;   97.0000;   20.0000;   10.0000;         0;        ok;
     A0057;     A0059;   82.0000;    3.0000;   10.0000;         0;        ok;
     A0057;     A0060;   17.0000;    1.0000;    1.0000;         0;        ok;
     A0057;     A0062;   17.0000;    1.0000;    1.0000;         0;        ok;
     A0057;     A0063;    1.0000;    3.0000;    1.0000;         0;        ok;
     A0057;     A0064;    1.0000;    4.0000;    1.0000;         0;        ok;
     A0057;     A0065;    1.0000;    6.0000;    1.0000;         0;        ok;
     A0057;     A0070;    1.0000;   79.0000;    1.0000;         0;        ok;
     A0057;     A0080;    1.0000;    2.0000;    1.0000;         0;        ok;
     A0057;     A0082;    1.0000;    2.0000;    1.0000;         0;        ok;
     A0057;     A0083;    1.0000;    2.0000;    1.0000;         0;        ok;
     A0057;     A0086;    1.0000;    2.0000;    1.0000;         0;        ok;
     A0057;     A0087;    1.0000;    5.0000;    1.0000;         0;        ok;
     A0057;     A0088;    1.0000;    5.0000;    1.0000;         0;        ok;
     A0057;     A0089;    1.0000;    4.0000;    1.0000;         0;        ok;
     A0058;     A0053;    1.0000;    1.0000;    1.0000;         0;        ok;
     A0058;     A0054;   18.0000;    3.0000;    3.0000;         0;        ok;
     A0058;     A0055;   20.0000;    1.0000;    1.0000;         0;        ok;
     A0058;     A0056;    1.0000;   74.0000;    1.0000;         0;        ok;
     A0058;     A0057;   20.0000;   97.0000;    6.0000;         0;        ok;
     A0058;     A0058;  163.0000;  163.0000;   24.0000;         1;        ok;
     A0058;     A0059;   86.0000;    8.0000;    6.0000;         0;        ok;
     A0058;     A0060;   18.0000;    1.0000;    1.0000;         0;        ok;
     A0058;     A0062;   18.0000;    1.0000;    1.0000;         0;        ok;
     A0058;     A0063;    1.0000;    3.0000;    1.0000;         0;        ok;
     A0058;     A0064;    1.0000;    4.0000;    1.0000;         0;        ok;
     A0058;     A0065;    1.0000;    4.0000;    1.0000;         0;        ok;
     A0058;     A0070;    1.0000;   82.0000;    1.0000;         0;        ok;
     A0058;     A0080;    1.0000;    2.0000;    1.0000;         0;        ok;
     A0058;     A0082;    1.0000;    2.0000;    1.0000;         0;        ok;
     A0058;     A0083;    1.0000;    2.0000;    1.0000;         0;        ok;
     A0058;     A0086;    1.0000;    2.0000;    1.0000;         0;        ok;
     A0058;     A0087;    1.0000;    5.0000;    1.0000;         0;        ok;
     A0058;     A0088;    1.0000;    5.0000;    1.0000;         0;        ok;
     A0058;     A0089;    1.0000;    4.0000;    1.0000;         0;        ok;
     A0059;     A0053;    1.0000;    1.0000;    1.0000;         0;        ok;
     A0059;     A0054;    3.0000;    3.0000;    3.0000;         0;        ok;
     A0059;     A0055;    3.0000;    1.0000;    1.0000;         0;        ok;
     A0059;     A0056;    1.0000;   72.0000;    1.0000;         0;        ok;
     A0059;     A0057;    3.0000;   82.0000;    6.0000;         0;        ok;
     A0059;     A0058;    8.0000;   88.0000;    6.0000;         0;        ok;
     A0059;     A0059;  165.0000;  165.0000;   27.0000;         1;        ok;
     A0059;     A0060;    3.0000;    1.0000;    1.0000;         0;        ok;
     A0059;     A0062;    3.0000;    1.0000;    1.0000;         0;        ok;
     A0059;     A0063;    1.0000;    3.0000;    1.0000;         0;        ok;
     A0059;     A0064;    1.0000;    4.0000;    1.0000;         0;        ok;
     A0059;     A0065;    1.0000;    4.0000;    1.0000;         0;        ok;
     A0059;     A0070;    1.0000;   80.0000;    1.0000;         0;        ok;
     A0059;     A0080;    1.0000;    2.0000;    1.0000;         0;        ok;
     A0059;     A0082;    1.0000;    2.0000;    1.0000;         0;        ok;
     A0059;     A0083;    1.0000;    2.0000;    1.0000;         0;        ok;
     A0059;     A0086;    1.0000;    2.0000;    1.0000;         0;        ok;
     A0059;     A0087;    1.0000;    5.0000;    1.0000;         0;        ok;
     A0059;     A0088;    1.0000;    5.0000;    1.0000;         0;        ok;
     A0059;     A0089;    1.0000;    4.0000;    1.0000;         0;        ok;
     A0060;     A0053;    1.0000;   61.0000;    1.0000;         0;        ok;
     A0060;     A0054;    1.0000;    3.0000;    1.0000;         0;        ok;
     A0060;     A0055;    6.0000;   70.0000;    2.0000;         0;        ok;
     A0060;     A0056;    1.0000;   15.0000;    1.0000;         0;        ok;
     A0060;     A0057;    1.0000;   17.0000;    1.0000;         0;        ok;
     A0060;     A0058;    1.0000;   18.0000;    1.0000;         0;        ok;
     A0060;     A0059;    1.0000;    3.0000;    1.0000;         0;        ok;
     A0060;     A0060;  138.0000;  138.0000;   29.0000;         1;        ok;
     A0060;     A0062;  117.0000;   52.0000;   29.0000;         0;        ok;
     A0060;     A0063;    1.0000;    3.0000;    1.0000;         0;        ok;
     A0060;     A0064;    1.0000;    4.0000;    1.0000;         0;        ok;
     A0060;     A0065;    1.0000;    4.0000;    1.0000;         0;        ok;
     A0060;     A0070;    1.0000;   82.0000;    1.0000;         0;        ok;
     A0060;     A0080;    1.0000;    3.0000;    1.0000;         0;        ok;
     A0060;     A0082;    1.0000;    4.0000;    1.0000;         0;        ok;
     A0060;     A0083;    1.0000;    3.0000;    1.0000;         0;        ok;
     A0060;     A0086;    1.0000;    2.0000;    1.0000;         0;        ok;
     A0060;     A0087;    1.0000;    5.0000;    1.0000;         0;        ok;
     A0060;     A0088;    1.0000;    5.0000;    1.0000;         0;        ok;
     A0060;     A0089;    1.0000;    4.0000;    1.0000;         0;        ok;
     A0062;     A0053;    1.0000;   55.0000;    1.0000;         0;        ok;
     A0062;     A0054;    1.0000;    3.0000;    1.0000;         0;        ok;
     A0062;     A0055;    6.0000;   64.0000;    2.0000;         0;        ok;
     A0062;     A0056;    1.0000;   14.0000;    1.0000;         0;        ok;
     A0062;     A0057;    1.0000;   17.0000;    1.0000;         0;        ok;
     A0062;     A0058;    1.0000;   18.0000;    1.0000;         0;        ok;
     A0062;     A0059;    1.0000;    3.0000;    1.0000;         0;        ok;
     A0062;     A0060;   52.0000;  117.0000;   10.0000;         0;        ok;
     A0062;     A0062;  150.0000;  150.0000;   28.0000;         1;        ok;
     A0062;     A0063;    1.0000;    7.0000;    1.0000;         0;        ok;
     A0062;     A0064;    1.0000;    6.0000;    1.0000;         0;        ok;
     A0062;     A0065;    1.0000;    6.0000;    1.0000;         0;        ok;
     A0062;     A0070;    1.0000;   88.0000;    1.0000;         0;        ok;
     A0062;     A0080;    1.0000;    3.0000;    1.0000;         0;        ok;
     A0062;     A0082;    1.0000;    3.0000;    1.0000;         0;        ok;
     A0062;     A0083;    1.0000;    3.0000;    1.0000;         0;        ok;
     A0062;     A0086;    1.0000;    2.0000;    1.0000;         0;        ok;
     A0062;     A0087;    1.0000;    5.0000;    1.0000;         0;        ok;
     A0062;     A0088;    1.0000;    5.0000;    1.0000;         0;        ok;
     A0062;     A0089;    1.0000;    4.0000;    1.0000;         0;        ok;
     A0063;     A0053;    2.0000;    1.0000;    1.0000;         0;        ok;
     A0063;     A0054;    7.0000;    1.0000;    1.0000;         0;        ok;
     A0063;     A0055;    3.0000;    1.0000;    1.0000;         0;        ok;
     A0063;     A0056;    2.0000;    1.0000;    1.0000;         0;        ok;
     A0063;     A0057;    3.0000;    1.0000;    1.0000;         0;        ok;
     A0063;     A0058;    3.0000;    1.0000;    1.0000;         0;        ok;
     A0063;     A0059;    3.0000;    1.0000;    1.0000;         0;        ok;
     A0063;     A0060;    3.0000;    1.0000;    1.0000;         0;        ok;
     A0063;     A0062;    7.0000;    1.0000;    1.0000;         0;        ok;
     A0063;     A0063;  227.0000;  227.0000;   23.0000;         1;        ok;
     A0063;     A0064;  249.0000;  249.0000;   23.0000;         1;        ok;
     A0063;     A0065;  248.0000;  248.0000;   23.0000;         1;        ok;
     A0063;     A0070;    3.0000;    3.0000;    5.0000;         0;        ok;
     A0063;     A0080;  154.0000;    2.0000;    2.0000;         0;        ok;
     A0063;     A0082;  118.0000;    2.0000;    2.0000;         0;        ok;
     A0063;     A0083;  107.0000;    2.0000;    2.0000;         0;        ok;
     A0063;     A0086;    3.0000;    2.0000;    2.0000;         0;        ok;
     A0063;     A0087;    2.0000;    5.0000;    2.0000;         0;        ok;
     A0063;     A0088;    2.0000;    5.0000;    2.0000;         0;        ok;
     A0063;     A0089;    2.0000;    5.0000;    2.0000;         0;        ok;
     A0064;     A0053;    2.0000;    1.0000;    1.0000;         0;        ok;
     A0064;     A0054;    6.0000;    1.0000;    1.0000;         0;        ok;
     A0064;     A0055;    4.0000;    1.0000;    1.0000;         0;        ok;
     A0064;     A0056;    2.0000;    1.0000;    1.0000;         0;        ok;
     A0064;     A0057;    4.0000;    1.0000;    1.0000;         0;        ok;
     A0064;     A0058;    4.0000;    1.0000;    1.0000;         0;        ok;
     A0064;     A0059;    4.0000;    1.0000;    1.0000;         0;        ok;
     A0064;     A0060;    4.0000;    1.0000;    1.0000;         0;        ok;
     A0064;     A0062;    6.0000;    1.0000;    1.0000;         0;        ok;
     A0064;     A0063;  249.0000;  249.0000;   20.0000;         1;        ok;
     A0064;     A0064;  200.0000;  200.0000;   20.0000;         1;        ok;
     A0064;     A0065;  232.0000;  231.0000;   20.0000;         1;        ok;
     A0064;     A0070;    4.0000;    3.0000;    7.0000;         0;        ok;
     A0064;     A0080;  127.0000;    2.0000;    2.0000;         0;        ok;
     A0064;     A0082;  103.0000;    2.0000;    2.0000;         0;        ok;
     A0064;     A0083;  103.0000;    2.0000;    2.0000;         0;        ok;
     A0064;     A0086;    4.0000;    2.0000;    2.0000;         0;        ok;
     A0064;     A0087;    2.0000;    5.0000;    2.0000;         0;        ok;
     A0064;     A0088;    2.0000;    5.0000;    2.0000;         0;        ok;
     A0064;     A0089;    2.0000;    4.0000;    2.0000;         0;        ok;
     A0065;     A0053;    2.0000;    1.0000;    1.0000;         0;        ok;
     A0065;     A0054;    6.0000;    1.0000;    1.0000;         0;        ok;
     A0065;     A0055;    6.0000;    1.0000;    1.0000;         0;        ok;
     A0065;     A0056;    2.0000;    1.0000;    1.0000;         0;        ok;
     A0065;     A0057;    6.0000;    1.0000;    1.0000;         0;        ok;
     A0065;     A0058;    4.0000;    1.0000;    1.0000;         0;        ok;
     A0065;     A0059;    4.0000;    1.0000;    1.0000;         0;        ok;
     A0065;     A0060;    4.0000;    1.0000;    1.0000;         0;        ok;
     A0065;     A0062;    6.0000;    1.0000;    1.0000;         0;        ok;
     A0065;     A0063;  245.0000;  245.0000;   23.0000;         1;        ok;
     A0065;     A0064;  229.0000;  229.0000;   23.0000;         1;        ok;
     A0065;     A0065;  193.0000;  194.0000;   23.0000;         1;        ok;
     A0065;     A0070;    4.0000;    3.0000;    5.0000;         0;        ok;
     A0065;     A0080;   98.0000;    2.0000;    2.0000;         0;        ok;
     A0065;     A0082;   94.0000;    2.0000;    2.0000;         0;        ok;
     A0065;     A0083;   94.0000;    2.0000;    2.0000;         0;        ok;
     A0065;     A0086;    6.0000;    2.0000;    2.0000;         0;        ok;
     A0065;     A0087;    2.0000;    5.0000;    2.0000;         0;        ok;
     A0065;     A0088;    2.0000;    5.0000;    2.0000;         0;        ok;
     A0065;     A0089;    2.0000;    4.0000;    2.0000;         0;        ok;
     A0070;     A0053;    2.0000;    1.0000;    1.0000;         0;        ok;
     A0070;     A0054;   91.0000;    1.0000;    1.0000;         0;        ok;
     A0070;     A0055;   82.0000;    1.0000;    1.0000;         0;        ok;
     A0070;     A0056;    2.0000;    1.0000;    1.0000;         0;        ok;
     A0070;     A0057;   80.0000;    1.0000;    1.0000;         0;        ok;
     A0070;     A0058;   83.0000;    1.0000;    1.0000;         0;        ok;
     A0070;     A0059;   83.0000;    1.0000;    1.0000;         0;        ok;
     A0070;     A0060;   90.0000;    1.0000;    1.0000;         0;        ok;
     A0070;     A0062;   90.0000;    1.0000;    1.0000;         0;        ok;
     A0070;     A0063;    3.0000;    3.0000;    7.0000;         0;        ok;
     A0070;     A0064;    3.0000;    4.0000;    7.0000;         0;        ok;
     A0070;     A0065;    3.0000;    4.0000;    7.0000;         0;        ok;
     A0070;     A0070;  178.0000;  178.0000;   21.0000;         1;        ok;
     A0070;     A0080;    3.0000;    2.0000;    2.0000;         0;        ok;
     A0070;     A0082;    3.0000;    2.0000;    2.0000;         0;        ok;
     A0070;     A0083;    3.0000;    2.0000;    2.0000;         0;        ok;
     A0070;     A0086;   91.0000;    2.0000;    2.0000;         0;        ok;
     A0070;     A0087;    2.0000;    5.0000;    2.0000;         0;        ok;
     A0070;     A0088;    2.0000;    5.0000;    2.0000;         0;        ok;
     A0070;     A0089;    2.0000;    4.0000;    2.0000;         0;        ok;
     A0080;     A0053;    2.0000;    1.0000;    1.0000;         0;        ok;
     A0080;     A0054;    2.0000;    1.0000;    1.0000;         0;        ok;
     A0080;     A0055;    6.0000;    1.0000;    1.0000;         0;        ok;
     A0080;     A0056;    2.0000;    1.0000;    1.0000;         0;        ok;
     A0080;     A0057;    2.0000;    1.0000;    1.0000;         0;        ok;
     A0080;     A0058;    2.0000;    1.0000;    1.0000;         0;        ok;
     A0080;     A0059;    2.0000;    1.0000;    1.0000;         0;        ok;
     A0080;     A0060;    4.0000;    1.0000;    1.0000;         0;        ok;
     A0080;     A0062;    3.0000;    1.0000;    1.0000;         0;        ok;
     A0080;     A0063;    2.0000;  153.0000;    2.0000;         0;        ok;
     A0080;     A0064;    2.0000;  128.0000;    2.0000;         0;        ok;
     A0080;     A0065;    2.0000;   98.0000;    2.0000;         0;        ok;
     A0080;     A0070;    2.0000;    3.0000;    2.0000;         0;        ok;
     A0080;     A0080;  224.0000;  224.0000;   30.0000;         1;        ok;
     A0080;     A0082;  120.0000;    8.0000;    9.0000;         0;        ok;
     A0080;     A0083;  119.0000;    6.0000;    9.0000;         0;        ok;
     A0080;     A0086;    8.0000;    2.0000;    2.0000;         0;        ok;
     A0080;     A0087;    2.0000;    5.0000;    2.0000;         0;        ok;
     A0080;     A0088;    2.0000;    5.0000;    2.0000;         0;        ok;
     A0080;     A0089;    2.0000;    4.0000;    2.0000;         0;        ok;
     A0082;     A0053;    2.0000;    1.0000;    1.0000;         0;        ok;
     A0082;     A0054;    2.0000;    1.0000;    1.0000;         0;        ok;
     A0082;     A0055;    6.0000;    1.0000;    1.0000;         0;        ok;
     A0082;     A0056;    2.0000;    1.0000;    1.0000;         0;        ok;
     A0082;     A0057;    2.0000;    1.0000;    1.0000;         0;        ok;
     A0082;     A0058;    2.0000;    1.0000;    1.0000;         0;        ok;
     A0082;     A0059;    2.0000;    1.0000;    1.0000;         0;        ok;
     A0082;     A0060;    4.0000;    1.0000;    1.0000;         0;        ok;
     A0082;     A0062;    3.0000;    1.0000;    1.0000;         0;        ok;
     A0082;     A0063;    2.0000;  106.0000;    2.0000;         0;        ok;
     A0082;     A0064;    2.0000;   98.0000;    2.0000;         0;        ok;
     A0082;     A0065;    2.0000;   94.0000;    2.0000;         0;        ok;
     A0082;     A0070;    2.0000;    3.0000;    2.0000;         0;        ok;
     A0082;     A0080;    8.0000;  121.0000;    9.0000;         0;        ok;
     A0082;     A0082;  222.0000;  222.0000;   30.0000;         1;        ok;
     A0082;     A0083;  223.0000;  224.0000;   30.0000;         1;        ok;
     A0082;     A0086;    8.0000;    2.0000;    2.0000;         0;        ok;
     A0082;     A0087;    2.0000;  162.0000;    2.0000;         0;        ok;
     A0082;     A0088;    2.0000;  167.0000;    2.0000;         0;        ok;
     A0082;     A0089;    2.0000;  173.0000;    2.0000;         0;        ok;
     A0083;     A0053;    2.0000;    1.0000;    1.0000;         0;        ok;
     A0083;     A0054;    2.0000;    1.0000;    1.0000;         0;        ok;
     A0083;     A0055;    4.0000;    1.0000;    1.0000;         0;        ok;
     A0083;     A0056;    2.0000;    1.0000;    1.0000;         0;        ok;
     A0083;     A0057;    2.0000;    1.0000;    1.0000;         0;        ok;
     A0083;     A0058;    2.0000;    1.0000;    1.0000;         0;        ok;
     A0083;     A0059;    2.0000;    1.0000;    1.0000;         0;        ok;
     A0083;     A0060;    4.0000;    1.0000;    1.0000;         0;        ok;
     A0083;     A0062;    3.0000;    1.0000;    1.0000;         0;        ok;
     A0083;     A0063;    2.0000;  107.0000;    2.0000;         0;        ok;
     A0083;     A0064;    2.0000;  100.0000;    2.0000;         0;        ok;
     A0083;     A0065;    2.0000;   94.0000;    2.0000;         0;        ok;
     A0083;     A0070;    2.0000;    3.0000;    2.0000;         0;        ok;
     A0083;     A0080;    6.0000;  119.0000;    9.0000;         0;        ok;
     A0083;     A0082;  224.0000;  224.0000;   30.0000;         1;        ok;
     A0083;     A0083;  225.0000;  225.0000;   30.0000;         1;        ok;
     A0083;     A0086;    6.0000;    2.0000;    2.0000;         0;        ok;
     A0083;     A0087;    2.0000;  170.0000;    2.0000;         0;        ok;
     A0083;     A0088;    2.0000;  165.0000;    2.0000;         0;        ok;
     A0083;     A0089;    2.0000;  172.0000;    2.0000;         0;        ok;
     A0086;     A0053;    2.0000;    1.0000;    1.0000;         0;        ok;
     A0086;     A0054;    2.0000;    1.0000;    1.0000;         0;        ok;
     A0086;     A0055;    2.0000;    1.0000;    1.0000;         0;        ok;
     A0086;     A0056;    2.0000;    1.0000;    1.0000;         0;        ok;
     A0086;     A0057;    2.0000;    1.0000;    1.0000;         0;        ok;
     A0086;     A0058;    2.0000;    1.0000;    1.0000;         0;        ok;
     A0086;     A0059;    2.0000;    1.0000;    1.0000;         0;        ok;
     A0086;     A0060;    2.0000;    1.0000;    1.0000;         0;        ok;
     A0086;     A0062;    2.0000;    1.0000;    1.0000;         0;        ok;
     A0086;     A0063;    2.0000;    3.0000;    2.0000;         0;        ok;
     A0086;     A0064;    2.0000;    4.0000;    2.0000;         0;        ok;
     A0086;     A0065;    2.0000;    6.0000;    2.0000;         0;        ok;
     A0086;     A0070;    2.0000;   91.0000;    2.0000;         0;        ok;
     A0086;     A0080;    2.0000;    3.0000;    2.0000;         0;        ok;
     A0086;     A0082;    2.0000;    8.0000;    2.0000;         0;        ok;
     A0086;     A0083;    2.0000;    6.0000;    2.0000;         0;        ok;
     A0086;     A0086;  236.0000;  236.0000;   29.0000;         1;        ok;
     A0086;     A0087;    2.0000;    5.0000;    2.0000;         0;        ok;
     A0086;     A0088;    2.0000;    5.0000;    2.0000;         0;        ok;
     A0086;     A0089;    2.0000;  165.0000;    2.0000;         0;        ok;
     A0087;     A0053;    5.0000;    1.0000;    1.0000;         0;        ok;
     A0087;     A0054;    5.0000;    1.0000;    1.0000;         0;        ok;
     A0087;     A0055;    5.0000;    1.0000;    1.0000;         0;        ok;
     A0087;     A0056;    5.0000;    1.0000;    1.0000;         0;        ok;
     A0087;     A0057;    5.0000;    1.0000;    1.0000;         0;        ok;
     A0087;     A0058;    5.0000;    1.0000;    1.0000;         0;        ok;
     A0087;     A0059;    5.0000;    1.0000;    1.0000;         0;        ok;
     A0087;     A0060;    5.0000;    1.0000;    1.0000;         0;        ok;
     A0087;     A0062;    5.0000;    1.0000;    1.0000;         0;        ok;
     A0087;     A0063;    5.0000;    2.0000;    2.0000;         0;        ok;
     A0087;     A0064;    5.0000;    2.0000;    2.0000;         0;        ok;
     A0087;     A0065;    5.0000;    2.0000;    2.0000;         0;        ok;
     A0087;     A0070;    5.0000;    2.0000;    2.0000;         0;        ok;
     A0087;     A0080;    5.0000;    2.0000;    2.0000;         0;        ok;
     A0087;     A0082;  160.0000;    2.0000;    2.0000;         0;        ok;
     A0087;     A0083;  166.0000;    2.0000;    2.0000;         0;        ok;
     A0087;     A0086;    5.0000;    2.0000;    2.0000;         0;        ok;
     A0087;     A0087;  352.0000;  352.0000;   16.0000;         1;        ok;
     A0087;     A0088;  353.0000;  353.0000;   16.0000;         1;        ok;
     A0087;     A0089;    5.0000;  184.0000;    9.0000;         0;        ok;
     A0088;     A0053;    5.0000;    1.0000;    1.0000;         0;        ok;
     A0088;     A0054;    5.0000;    1.0000;    1.0000;         0;        ok;
     A0088;     A0055;    5.0000;    1.0000;    1.0000;         0;        ok;
     A0088;     A0056;    5.0000;    1.0000;    1.0000;         0;        ok;
     A0088;     A0057;    5.0000;    1.0000;    1.0000;         0;        ok;
     A0088;     A0058;    5.0000;    1.0000;    1.0000;         0;        ok;
     A0088;     A0059;    5.0000;    1.0000;    1.0000;         0;        ok;
     A0088;     A0060;    5.0000;    1.0000;    1.0000;         0;        ok;
     A0088;     A0062;    5.0000;    1.0000;    1.0000;         0;        ok;
     A0088;     A0063;    5.0000;    2.0000;    2.0000;         0;        ok;
     A0088;     A0064;    5.0000;    2.0000;    2.0000;         0;        ok;
     A0088;     A0065;    5.0000;    2.0000;    2.0000;         0;        ok;
     A0088;     A0070;    5.0000;    2.0000;    2.0000;         0;        ok;
     A0088;     A0080;    5.0000;    2.0000;    2.0000;         0;        ok;
     A0088;     A0082;  164.0000;    2.0000;    2.0000;         0;        ok;
     A0088;     A0083;  164.0000;    2.0000;    2.0000;         0;        ok;
     A0088;     A0086;    5.0000;    2.0000;    2.0000;         0;        ok;
     A0088;     A0087;  353.0000;  353.0000;   16.0000;         1;        ok;
     A0088;     A0088;  354.0000;  354.0000;   16.0000;         1;        ok;
     A0088;     A0089;    5.0000;  180.0000;    9.0000;         0;        ok;
     A0089;     A0053;    4.0000;    1.0000;    1.0000;         0;        ok;
     A0089;     A0054;    4.0000;    1.0000;    1.0000;         0;        ok;
     A0089;     A0055;    4.0000;    1.0000;    1.0000;         0;        ok;
     A0089;     A0056;    4.0000;    1.0000;    1.0000;         0;        ok;
     A0089;     A0057;    4.0000;    1.0000;    1.0000;         0;        ok;
     A0089;     A0058;    4.0000;    1.0000;    1.0000;         0;        ok;
     A0089;     A0059;    4.0000;    1.0000;    1.0000;         0;        ok;
     A0089;     A0060;    4.0000;    1.0000;    1.0000;         0;        ok;
     A0089;     A0062;    4.0000;    1.0000;    1.0000;         0;        ok;
     A0089;     A0063;    4.0000;    2.0000;    2.0000;         0;        ok;
     A0089;     A0064;    4.0000;    2.0000;    2.0000;         0;        ok;
     A0089;     A0065;    4.0000;    2.0000;    2.0000;         0;        ok;
     A0089;     A0070;    4.0000;    2.0000;    2.0000;         0;        ok;
     A0089;     A0080;    4.0000;    2.0000;    2.0000;         0;        ok;
     A0089;     A0082;  166.0000;    2.0000;    2.0000;         0;        ok;
     A0089;     A0083;  166.0000;    2.0000;    2.0000;         0;        ok;
     A0089;     A0086;  166.0000;    2.0000;    2.0000;         0;        ok;
     A0089;     A0087;  180.0000;    5.0000;    9.0000;         0;        ok;
     A0089;     A0088;  180.0000;    5.0000;    9.0000;         0;        ok;
     A0089;     A0089;  350.0000;  350.0000;   16.0000;         1;        ok;
