======== Checking equivalence of automata =======
Automata directory:   ./tests/aut_timbuk_smaller/
Timeout:              300 s
reading files ...
-----------------------------------------------
      aut1;      aut2;double-incl;double-incl-d;  congr-up;      '<=';
     A0053;     A0053;    4.0000;    4.0000;    8.0000;         1;        ok;
     A0053;     A0054;    0.0000;    0.0000;    0.0000;         0;        ok;
     A0053;     A0055;    2.0000;    0.0000;    0.0000;         0;        ok;
     A0053;     A0056;    0.0000;    1.0000;    0.0000;         0;        ok;
     A0053;     A0057;    0.0000;    0.0000;    0.0000;         0;        ok;
     A0053;     A0058;    0.0000;    0.0000;    0.0000;         0;        ok;
     A0053;     A0059;    0.0000;    0.0000;    0.0000;         0;        ok;
     A0053;     A0060;    2.0000;    0.0000;    0.0000;         0;        ok;
     A0053;     A0062;    2.0000;    0.0000;    0.0000;         0;        ok;
     A0053;     A0063;    0.0000;    0.0000;    0.0000;         0;        ok;
     A0053;     A0064;    0.0000;    0.0000;    0.0000;         0;        ok;
     A0053;     A0065;    0.0000;    0.0000;    0.0000;         0;        ok;
     A0053;     A0070;    0.0000;    0.0000;    0.0000;         0;        ok;
     A0053;     A0080;    0.0000;    0.0000;    0.0000;         0;        ok;
     A0053;     A0082;    0.0000;    0.0000;    0.0000;         0;        ok;
     A0053;     A0083;    0.0000;    0.0000;    0.0000;         0;        ok;
     A0053;     A0086;    0.0000;    0.0000;    0.0000;         0;        ok;
     A0053;     A0087;    0.0000;    0.0000;    0.0000;         0;        ok;
     A0053;     A0088;    0.0000;    0.0000;    0.0000;         0;        ok;
     A0053;     A0089;    0.0000;    0.0000;    0.0000;         0;        ok;
     A0054;     A0053;    0.0000;    0.0000;    0.0000;         0;        ok;
     A0054;     A0054;    6.0000;    6.0000;    2.0000;         1;        ok;
     A0054;     A0055;    0.0000;    0.0000;    0.0000;         0;        ok;
     A0054;     A0056;    0.0000;    1.0000;    0.0000;         0;        ok;
     A0054;     A0057;    0.0000;    2.0000;    1.0000;         0;        ok;
     A0054;     A0058;    0.0000;    2.0000;    1.0000;         0;        ok;
     A0054;     A0059;    0.0000;    0.0000;    1.0000;         0;        ok;
     A0054;     A0060;    0.0000;    0.0000;    0.0000;         0;        ok;
     A0054;     A0062;    0.0000;    0.0000;    0.0000;         0;        ok;
     A0054;     A0063;    0.0000;    0.0000;    0.0000;         0;        ok;
     A0054;     A0064;    0.0000;    0.0000;    0.0000;         0;        ok;
     A0054;     A0065;    0.0000;    0.0000;    0.0000;         0;        ok;
     A0054;     A0070;    0.0000;    1.0000;    0.0000;         0;        ok;
     A0054;     A0080;    0.0000;    0.0000;    0.0000;         0;        ok;
     A0054;     A0082;    0.0000;    0.0000;    0.0000;         0;        ok;
     A0054;     A0083;    0.0000;    0.0000;    0.0000;         0;        ok;
     A0054;     A0086;    0.0000;    0.0000;    0.0000;         0;        ok;
     A0054;     A0087;    0.0000;    0.0000;    0.0000;         0;        ok;
     A0054;     A0088;    0.0000;    0.0000;    0.0000;         0;        ok;
     A0054;     A0089;    0.0000;    0.0000;    0.0000;         0;        ok;
     A0055;     A0053;    0.0000;    2.0000;    0.0000;         0;        ok;
     A0055;     A0054;    0.0000;    0.0000;    0.0000;         0;        ok;
     A0055;     A0055;    4.0000;    4.0000;    8.0000;         1;        ok;
     A0055;     A0056;    0.0000;    1.0000;    0.0000;         0;        ok;
     A0055;     A0057;    0.0000;    2.0000;    0.0000;         0;        ok;
     A0055;     A0058;    0.0000;    2.0000;    0.0000;         0;        ok;
     A0055;     A0059;    0.0000;    0.0000;    0.0000;         0;        ok;
     A0055;     A0060;    2.0000;    0.0000;    1.0000;         0;        ok;
     A0055;     A0062;    2.0000;    0.0000;    1.0000;         0;        ok;
     A0055;     A0063;    0.0000;    0.0000;    0.0000;         0;        ok;
     A0055;     A0064;    0.0000;    0.0000;    0.0000;         0;        ok;
     A0055;     A0065;    0.0000;    0.0000;    0.0000;         0;        ok;
     A0055;     A0070;    0.0000;    1.0000;    0.0000;         0;        ok;
     A0055;     A0080;    0.0000;    0.0000;    0.0000;         0;        ok;
     A0055;     A0082;    0.0000;    0.0000;    0.0000;         0;        ok;
     A0055;     A0083;    0.0000;    0.0000;    0.0000;         0;        ok;
     A0055;     A0086;    0.0000;    0.0000;    0.0000;         0;        ok;
     A0055;     A0087;    0.0000;    0.0000;    0.0000;         0;        ok;
     A0055;     A0088;    0.0000;    0.0000;    0.0000;         0;        ok;
     A0055;     A0089;    0.0000;    0.0000;    0.0000;         0;        ok;
     A0056;     A0053;    1.0000;    0.0000;    0.0000;         0;        ok;
     A0056;     A0054;    1.0000;    0.0000;    0.0000;         0;        ok;
     A0056;     A0055;    1.0000;    0.0000;    0.0000;         0;        ok;
     A0056;     A0056;    4.0000;    4.0000;   10.0000;         1;        ok;
     A0056;     A0057;    2.0000;    0.0000;    0.0000;         0;        ok;
     A0056;     A0058;    2.0000;    0.0000;    0.0000;         0;        ok;
     A0056;     A0059;    2.0000;    0.0000;    0.0000;         0;        ok;
     A0056;     A0060;    1.0000;    0.0000;    0.0000;         0;        ok;
     A0056;     A0062;    1.0000;    0.0000;    0.0000;         0;        ok;
     A0056;     A0063;    0.0000;    0.0000;    0.0000;         0;        ok;
     A0056;     A0064;    0.0000;    0.0000;    0.0000;         0;        ok;
     A0056;     A0065;    0.0000;    0.0000;    0.0000;         0;        ok;
     A0056;     A0070;    0.0000;    0.0000;    0.0000;         0;        ok;
     A0056;     A0080;    0.0000;    0.0000;    0.0000;         0;        ok;
     A0056;     A0082;    0.0000;    0.0000;    0.0000;         0;        ok;
     A0056;     A0083;    0.0000;    0.0000;    0.0000;         0;        ok;
     A0056;     A0086;    0.0000;    0.0000;    0.0000;         0;        ok;
     A0056;     A0087;    0.0000;    0.0000;    0.0000;         0;        ok;
     A0056;     A0088;    0.0000;    0.0000;    0.0000;         0;        ok;
     A0056;     A0089;    0.0000;    0.0000;    0.0000;         0;        ok;
     A0057;     A0053;    0.0000;    0.0000;    0.0000;         0;        ok;
     A0057;     A0054;    2.0000;    0.0000;    1.0000;         0;        ok;
     A0057;     A0055;    2.0000;    0.0000;    0.0000;         0;        ok;
     A0057;     A0056;    0.0000;    2.0000;    0.0000;         0;        ok;
     A0057;     A0057;    4.0000;    4.0000;   15.0000;         1;        ok;
     A0057;     A0058;    4.0000;    2.0000;    1.0000;         0;        ok;
     A0057;     A0059;    2.0000;    0.0000;    1.0000;         0;        ok;
     A0057;     A0060;    2.0000;    0.0000;    0.0000;         0;        ok;
     A0057;     A0062;    2.0000;    0.0000;    0.0000;         0;        ok;
     A0057;     A0063;    0.0000;    0.0000;    0.0000;         0;        ok;
     A0057;     A0064;    0.0000;    0.0000;    0.0000;         0;        ok;
     A0057;     A0065;    0.0000;    0.0000;    0.0000;         0;        ok;
     A0057;     A0070;    0.0000;    1.0000;    0.0000;         0;        ok;
     A0057;     A0080;    0.0000;    0.0000;    0.0000;         0;        ok;
     A0057;     A0082;    0.0000;    0.0000;    0.0000;         0;        ok;
     A0057;     A0083;    0.0000;    0.0000;    0.0000;         0;        ok;
     A0057;     A0086;    0.0000;    0.0000;    0.0000;         0;        ok;
     A0057;     A0087;    0.0000;    0.0000;    0.0000;         0;        ok;
     A0057;     A0088;    0.0000;    0.0000;    0.0000;         0;        ok;
     A0057;     A0089;    0.0000;    0.0000;    0.0000;         0;        ok;
     A0058;     A0053;    0.0000;    0.0000;    0.0000;         0;        ok;
     A0058;     A0054;    2.0000;    0.0000;    1.0000;         0;        ok;
     A0058;     A0055;    2.0000;    0.0000;    0.0000;         0;        ok;
     A0058;     A0056;    0.0000;    2.0000;    0.0000;         0;        ok;
     A0058;     A0057;    2.0000;    4.0000;    1.0000;         0;        ok;
     A0058;     A0058;    6.0000;    6.0000;   11.0000;         1;        ok;
     A0058;     A0059;    3.0000;    1.0000;    1.0000;         0;        ok;
     A0058;     A0060;    2.0000;    0.0000;    0.0000;         0;        ok;
     A0058;     A0062;    2.0000;    0.0000;    0.0000;         0;        ok;
     A0058;     A0063;    0.0000;    0.0000;    0.0000;         0;        ok;
     A0058;     A0064;    0.0000;    0.0000;    0.0000;         0;        ok;
     A0058;     A0065;    0.0000;    0.0000;    0.0000;         0;        ok;
     A0058;     A0070;    0.0000;    1.0000;    0.0000;         0;        ok;
     A0058;     A0080;    0.0000;    0.0000;    0.0000;         0;        ok;
     A0058;     A0082;    0.0000;    0.0000;    0.0000;         0;        ok;
     A0058;     A0083;    0.0000;    0.0000;    0.0000;         0;        ok;
     A0058;     A0086;    0.0000;    0.0000;    0.0000;         0;        ok;
     A0058;     A0087;    0.0000;    0.0000;    0.0000;         0;        ok;
     A0058;     A0088;    0.0000;    0.0000;    0.0000;         0;        ok;
     A0058;     A0089;    0.0000;    0.0000;    0.0000;         0;        ok;
     A0059;     A0053;    0.0000;    0.0000;    0.0000;         0;        ok;
     A0059;     A0054;    0.0000;    0.0000;    1.0000;         0;        ok;
     A0059;     A0055;    0.0000;    0.0000;    0.0000;         0;        ok;
     A0059;     A0056;    0.0000;    2.0000;    0.0000;         0;        ok;
     A0059;     A0057;    0.0000;    2.0000;    1.0000;         0;        ok;
     A0059;     A0058;    1.0000;    3.0000;    1.0000;         0;        ok;
     A0059;     A0059;    4.0000;    4.0000;   11.0000;         1;        ok;
     A0059;     A0060;    0.0000;    0.0000;    0.0000;         0;        ok;
     A0059;     A0062;    0.0000;    0.0000;    0.0000;         0;        ok;
     A0059;     A0063;    0.0000;    0.0000;    0.0000;         0;        ok;
     A0059;     A0064;    0.0000;    0.0000;    0.0000;         0;        ok;
     A0059;     A0065;    0.0000;    0.0000;    0.0000;         0;        ok;
     A0059;     A0070;    0.0000;    1.0000;    0.0000;         0;        ok;
     A0059;     A0080;    0.0000;    0.0000;    0.0000;         0;        ok;
     A0059;     A0082;    0.0000;    0.0000;    0.0000;         0;        ok;
     A0059;     A0083;    0.0000;    0.0000;    0.0000;         0;        ok;
     A0059;     A0086;    0.0000;    0.0000;    0.0000;         0;        ok;
     A0059;     A0087;    0.0000;    0.0000;    0.0000;         0;        ok;
     A0059;     A0088;    0.0000;    0.0000;    0.0000;         0;        ok;
     A0059;     A0089;    0.0000;    0.0000;    0.0000;         0;        ok;
     A0060;     A0053;    0.0000;    2.0000;    0.0000;         0;        ok;
     A0060;     A0054;    0.0000;    0.0000;    0.0000;         0;        ok;
     A0060;     A0055;    0.0000;    2.0000;    1.0000;         0;        ok;
     A0060;     A0056;    0.0000;    1.0000;    0.0000;         0;        ok;
     A0060;     A0057;    0.0000;    2.0000;    0.0000;         0;        ok;
     A0060;     A0058;    0.0000;    2.0000;    0.0000;         0;        ok;
     A0060;     A0059;    0.0000;    0.0000;    0.0000;         0;        ok;
     A0060;     A0060;    6.0000;    6.0000;    5.0000;         1;        ok;
     A0060;     A0062;    6.0000;    4.0000;    1.0000;         0;        ok;
     A0060;     A0063;    0.0000;    0.0000;    0.0000;         0;        ok;
     A0060;     A0064;    0.0000;    0.0000;    0.0000;         0;        ok;
     A0060;     A0065;    0.0000;    0.0000;    0.0000;         0;        ok;
     A0060;     A0070;    0.0000;    1.0000;    0.0000;         0;        ok;
     A0060;     A0080;    0.0000;    0.0000;    0.0000;         0;        ok;
     A0060;     A0082;    0.0000;    0.0000;    0.0000;         0;        ok;
     A0060;     A0083;    0.0000;    0.0000;    0.0000;         0;        ok;
     A0060;     A0086;    0.0000;    0.0000;    0.0000;         0;        ok;
     A0060;     A0087;    0.0000;    0.0000;    0.0000;         0;        ok;
     A0060;     A0088;    0.0000;    0.0000;    0.0000;         0;        ok;
     A0060;     A0089;    0.0000;    0.0000;    0.0000;         0;        ok;
     A0062;     A0053;    0.0000;    2.0000;    0.0000;         0;        ok;
     A0062;     A0054;    0.0000;    0.0000;    0.0000;         0;        ok;
     A0062;     A0055;    0.0000;    2.0000;    1.0000;         0;        ok;
     A0062;     A0056;    0.0000;    1.0000;    0.0000;         0;        ok;
     A0062;     A0057;    0.0000;    2.0000;    0.0000;         0;        ok;
     A0062;     A0058;    0.0000;    2.0000;    0.0000;         0;        ok;
     A0062;     A0059;    0.0000;    0.0000;    0.0000;         0;        ok;
     A0062;     A0060;    4.0000;    6.0000;    1.0000;         0;        ok;
     A0062;     A0062;    6.0000;    6.0000;    1.0000;         1;        ok;
     A0062;     A0063;    0.0000;    0.0000;    0.0000;         0;        ok;
     A0062;     A0064;    0.0000;    0.0000;    0.0000;         0;        ok;
     A0062;     A0065;    0.0000;    0.0000;    0.0000;         0;        ok;
     A0062;     A0070;    0.0000;    1.0000;    0.0000;         0;        ok;
     A0062;     A0080;    0.0000;    0.0000;    0.0000;         0;        ok;
     A0062;     A0082;    0.0000;    0.0000;    0.0000;         0;        ok;
     A0062;     A0083;    0.0000;    0.0000;    0.0000;         0;        ok;
     A0062;     A0086;    0.0000;    0.0000;    0.0000;         0;        ok;
     A0062;     A0087;    0.0000;    0.0000;    0.0000;         0;        ok;
     A0062;     A0088;    0.0000;    0.0000;    0.0000;         0;        ok;
     A0062;     A0089;    0.0000;    0.0000;    0.0000;         0;        ok;
     A0063;     A0053;    0.0000;    0.0000;    0.0000;         0;        ok;
     A0063;     A0054;    0.0000;    0.0000;    0.0000;         0;        ok;
     A0063;     A0055;    0.0000;    0.0000;    0.0000;         0;        ok;
     A0063;     A0056;    0.0000;    0.0000;    0.0000;         0;        ok;
     A0063;     A0057;    0.0000;    0.0000;    0.0000;         0;        ok;
     A0063;     A0058;    0.0000;    0.0000;    0.0000;         0;        ok;
     A0063;     A0059;    0.0000;    0.0000;    0.0000;         0;        ok;
     A0063;     A0060;    0.0000;    0.0000;    0.0000;         0;        ok;
     A0063;     A0062;    0.0000;    0.0000;    0.0000;         0;        ok;
     A0063;     A0063;    2.0000;    2.0000;   46.0000;         1;        ok;
     A0063;     A0064;    2.0000;    2.0000;  100.0000;         1;        ok;
     A0063;     A0065;    2.0000;    2.0000;  100.0000;         1;        ok;
     A0063;     A0070;    0.0000;    0.0000;    1.0000;         0;        ok;
     A0063;     A0080;    1.0000;    0.0000;    0.0000;         0;        ok;
     A0063;     A0082;    1.0000;    0.0000;    0.0000;         0;        ok;
     A0063;     A0083;    1.0000;    0.0000;    0.0000;         0;        ok;
     A0063;     A0086;    0.0000;    0.0000;    0.0000;         0;        ok;
     A0063;     A0087;    0.0000;    0.0000;    0.0000;         0;        ok;
     A0063;     A0088;    0.0000;    0.0000;    0.0000;         0;        ok;
     A0063;     A0089;    0.0000;    0.0000;    0.0000;         0;        ok;
     A0064;     A0053;    0.0000;    0.0000;    0.0000;         0;        ok;
     A0064;     A0054;    0.0000;    0.0000;    0.0000;         0;        ok;
     A0064;     A0055;    0.0000;    0.0000;    0.0000;         0;        ok;
     A0064;     A0056;    0.0000;    0.0000;    0.0000;         0;        ok;
     A0064;     A0057;    0.0000;    0.0000;    0.0000;         0;        ok;
     A0064;     A0058;    0.0000;    0.0000;    0.0000;         0;        ok;
     A0064;     A0059;    0.0000;    0.0000;    0.0000;         0;        ok;
     A0064;     A0060;    0.0000;    0.0000;    0.0000;         0;        ok;
     A0064;     A0062;    0.0000;    0.0000;    0.0000;         0;        ok;
     A0064;     A0063;    2.0000;    2.0000;  100.0000;         1;        ok;
     A0064;     A0064;    2.0000;    2.0000;   42.0000;         1;        ok;
     A0064;     A0065;    2.0000;    2.0000;  119.0000;         1;        ok;
     A0064;     A0070;    0.0000;    0.0000;    1.0000;         0;        ok;
     A0064;     A0080;    1.0000;    0.0000;    0.0000;         0;        ok;
     A0064;     A0082;    1.0000;    0.0000;    0.0000;         0;        ok;
     A0064;     A0083;    1.0000;    0.0000;    0.0000;         0;        ok;
     A0064;     A0086;    0.0000;    0.0000;    0.0000;         0;        ok;
     A0064;     A0087;    0.0000;    0.0000;    0.0000;         0;        ok;
     A0064;     A0088;    0.0000;    0.0000;    0.0000;         0;        ok;
     A0064;     A0089;    0.0000;    0.0000;    0.0000;         0;        ok;
     A0065;     A0053;    0.0000;    0.0000;    0.0000;         0;        ok;
     A0065;     A0054;    0.0000;    0.0000;    0.0000;         0;        ok;
     A0065;     A0055;    0.0000;    0.0000;    0.0000;         0;        ok;
     A0065;     A0056;    0.0000;    0.0000;    0.0000;         0;        ok;
     A0065;     A0057;    0.0000;    0.0000;    0.0000;         0;        ok;
     A0065;     A0058;    0.0000;    0.0000;    0.0000;         0;        ok;
     A0065;     A0059;    0.0000;    0.0000;    0.0000;         0;        ok;
     A0065;     A0060;    0.0000;    0.0000;    0.0000;         0;        ok;
     A0065;     A0062;    0.0000;    0.0000;    0.0000;         0;        ok;
     A0065;     A0063;    2.0000;    2.0000;  100.0000;         1;        ok;
     A0065;     A0064;    2.0000;    2.0000;  119.0000;         1;        ok;
     A0065;     A0065;    2.0000;    2.0000;   40.0000;         1;        ok;
     A0065;     A0070;    0.0000;    0.0000;    1.0000;         0;        ok;
     A0065;     A0080;    1.0000;    0.0000;    0.0000;         0;        ok;
     A0065;     A0082;    1.0000;    0.0000;    0.0000;         0;        ok;
     A0065;     A0083;    1.0000;    0.0000;    0.0000;         0;        ok;
     A0065;     A0086;    0.0000;    0.0000;    0.0000;         0;        ok;
     A0065;     A0087;    0.0000;    0.0000;    0.0000;         0;        ok;
     A0065;     A0088;    0.0000;    0.0000;    0.0000;         0;        ok;
     A0065;     A0089;    0.0000;    0.0000;    0.0000;         0;        ok;
     A0070;     A0053;    0.0000;    0.0000;    0.0000;         0;        ok;
     A0070;     A0054;    1.0000;    0.0000;    0.0000;         0;        ok;
     A0070;     A0055;    1.0000;    0.0000;    0.0000;         0;        ok;
     A0070;     A0056;    0.0000;    0.0000;    0.0000;         0;        ok;
     A0070;     A0057;    1.0000;    0.0000;    0.0000;         0;        ok;
     A0070;     A0058;    1.0000;    0.0000;    0.0000;         0;        ok;
     A0070;     A0059;    1.0000;    0.0000;    0.0000;         0;        ok;
     A0070;     A0060;    1.0000;    0.0000;    0.0000;         0;        ok;
     A0070;     A0062;    1.0000;    0.0000;    0.0000;         0;        ok;
     A0070;     A0063;    0.0000;    0.0000;    1.0000;         0;        ok;
     A0070;     A0064;    0.0000;    0.0000;    1.0000;         0;        ok;
     A0070;     A0065;    0.0000;    0.0000;    1.0000;         0;        ok;
     A0070;     A0070;    2.0000;    2.0000;    5.0000;         1;        ok;
     A0070;     A0080;    0.0000;    0.0000;    0.0000;         0;        ok;
     A0070;     A0082;    0.0000;    0.0000;    0.0000;         0;        ok;
     A0070;     A0083;    0.0000;    0.0000;    0.0000;         0;        ok;
     A0070;     A0086;    1.0000;    0.0000;    0.0000;         0;        ok;
     A0070;     A0087;    0.0000;    0.0000;    0.0000;         0;        ok;
     A0070;     A0088;    0.0000;    0.0000;    0.0000;         0;        ok;
     A0070;     A0089;    0.0000;    0.0000;    0.0000;         0;        ok;
     A0080;     A0053;    0.0000;    0.0000;    0.0000;         0;        ok;
     A0080;     A0054;    0.0000;    0.0000;    0.0000;         0;        ok;
     A0080;     A0055;    0.0000;    0.0000;    0.0000;         0;        ok;
     A0080;     A0056;    0.0000;    0.0000;    0.0000;         0;        ok;
     A0080;     A0057;    0.0000;    0.0000;    0.0000;         0;        ok;
     A0080;     A0058;    0.0000;    0.0000;    0.0000;         0;        ok;
     A0080;     A0059;    0.0000;    0.0000;    0.0000;         0;        ok;
     A0080;     A0060;    0.0000;    0.0000;    0.0000;         0;        ok;
     A0080;     A0062;    0.0000;    0.0000;    0.0000;         0;        ok;
     A0080;     A0063;    0.0000;    1.0000;    0.0000;         0;        ok;
     A0080;     A0064;    0.0000;    1.0000;    0.0000;         0;        ok;
     A0080;     A0065;    0.0000;    1.0000;    0.0000;         0;        ok;
     A0080;     A0070;    0.0000;    0.0000;    0.0000;         0;        ok;
     A0080;     A0080;    2.0000;    2.0000;   40.0000;         1;        ok;
     A0080;     A0082;    1.0000;    0.0000;    1.0000;         0;        ok;
     A0080;     A0083;    1.0000;    0.0000;    1.0000;         0;        ok;
     A0080;     A0086;    0.0000;    0.0000;    0.0000;         0;        ok;
     A0080;     A0087;    0.0000;    0.0000;    0.0000;         0;        ok;
     A0080;     A0088;    0.0000;    0.0000;    0.0000;         0;        ok;
     A0080;     A0089;    0.0000;    0.0000;    0.0000;         0;        ok;
     A0082;     A0053;    0.0000;    0.0000;    0.0000;         0;        ok;
     A0082;     A0054;    0.0000;    0.0000;    0.0000;         0;        ok;
     A0082;     A0055;    0.0000;    0.0000;    0.0000;         0;        ok;
     A0082;     A0056;    0.0000;    0.0000;    0.0000;         0;        ok;
     A0082;     A0057;    0.0000;    0.0000;    0.0000;         0;        ok;
     A0082;     A0058;    0.0000;    0.0000;    0.0000;         0;        ok;
     A0082;     A0059;    0.0000;    0.0000;    0.0000;         0;        ok;
     A0082;     A0060;    0.0000;    0.0000;    0.0000;         0;        ok;
     A0082;     A0062;    0.0000;    0.0000;    0.0000;         0;        ok;
     A0082;     A0063;    0.0000;    1.0000;    0.0000;         0;        ok;
     A0082;     A0064;    0.0000;    1.0000;    0.0000;         0;        ok;
     A0082;     A0065;    0.0000;    1.0000;    0.0000;         0;        ok;
     A0082;     A0070;    0.0000;    0.0000;    0.0000;         0;        ok;
     A0082;     A0080;    0.0000;    1.0000;    1.0000;         0;        ok;
     A0082;     A0082;    2.0000;    2.0000;   27.0000;         1;        ok;
     A0082;     A0083;    2.0000;    2.0000;   28.0000;         1;        ok;
     A0082;     A0086;    0.0000;    0.0000;    0.0000;         0;        ok;
     A0082;     A0087;    0.0000;    1.0000;    0.0000;         0;        ok;
     A0082;     A0088;    0.0000;    1.0000;    0.0000;         0;        ok;
     A0082;     A0089;    0.0000;    1.0000;    0.0000;         0;        ok;
     A0083;     A0053;    0.0000;    0.0000;    0.0000;         0;        ok;
     A0083;     A0054;    0.0000;    0.0000;    0.0000;         0;        ok;
     A0083;     A0055;    0.0000;    0.0000;    0.0000;         0;        ok;
     A0083;     A0056;    0.0000;    0.0000;    0.0000;         0;        ok;
     A0083;     A0057;    0.0000;    0.0000;    0.0000;         0;        ok;
     A0083;     A0058;    0.0000;    0.0000;    0.0000;         0;        ok;
     A0083;     A0059;    0.0000;    0.0000;    0.0000;         0;        ok;
     A0083;     A0060;    0.0000;    0.0000;    0.0000;         0;        ok;
     A0083;     A0062;    0.0000;    0.0000;    0.0000;         0;        ok;
     A0083;     A0063;    0.0000;    1.0000;    0.0000;         0;        ok;
     A0083;     A0064;    0.0000;    1.0000;    0.0000;         0;        ok;
     A0083;     A0065;    0.0000;    1.0000;    0.0000;         0;        ok;
     A0083;     A0070;    0.0000;    0.0000;    0.0000;         0;        ok;
     A0083;     A0080;    0.0000;    1.0000;    1.0000;         0;        ok;
     A0083;     A0082;    2.0000;    2.0000;   28.0000;         1;        ok;
     A0083;     A0083;    2.0000;    2.0000;   28.0000;         1;        ok;
     A0083;     A0086;    0.0000;    0.0000;    0.0000;         0;        ok;
     A0083;     A0087;    0.0000;    1.0000;    0.0000;         0;        ok;
     A0083;     A0088;    0.0000;    1.0000;    0.0000;         0;        ok;
     A0083;     A0089;    0.0000;    1.0000;    0.0000;         0;        ok;
     A0086;     A0053;    0.0000;    0.0000;    0.0000;         0;        ok;
     A0086;     A0054;    0.0000;    0.0000;    0.0000;         0;        ok;
     A0086;     A0055;    0.0000;    0.0000;    0.0000;         0;        ok;
     A0086;     A0056;    0.0000;    0.0000;    0.0000;         0;        ok;
     A0086;     A0057;    0.0000;    0.0000;    0.0000;         0;        ok;
     A0086;     A0058;    0.0000;    0.0000;    0.0000;         0;        ok;
     A0086;     A0059;    0.0000;    0.0000;    0.0000;         0;        ok;
     A0086;     A0060;    0.0000;    0.0000;    0.0000;         0;        ok;
     A0086;     A0062;    0.0000;    0.0000;    0.0000;         0;        ok;
     A0086;     A0063;    0.0000;    0.0000;    0.0000;         0;        ok;
     A0086;     A0064;    0.0000;    0.0000;    0.0000;         0;        ok;
     A0086;     A0065;    0.0000;    0.0000;    0.0000;         0;        ok;
     A0086;     A0070;    0.0000;    1.0000;    0.0000;         0;        ok;
     A0086;     A0080;    0.0000;    0.0000;    0.0000;         0;        ok;
     A0086;     A0082;    0.0000;    0.0000;    0.0000;         0;        ok;
     A0086;     A0083;    0.0000;    0.0000;    0.0000;         0;        ok;
     A0086;     A0086;    2.0000;    2.0000;   25.0000;         1;        ok;
     A0086;     A0087;    0.0000;    0.0000;    0.0000;         0;        ok;
     A0086;     A0088;    0.0000;    0.0000;    0.0000;         0;        ok;
     A0086;     A0089;    0.0000;    1.0000;    0.0000;         0;        ok;
     A0087;     A0053;    0.0000;    0.0000;    0.0000;         0;        ok;
     A0087;     A0054;    0.0000;    0.0000;    0.0000;         0;        ok;
     A0087;     A0055;    0.0000;    0.0000;    0.0000;         0;        ok;
     A0087;     A0056;    0.0000;    0.0000;    0.0000;         0;        ok;
     A0087;     A0057;    0.0000;    0.0000;    0.0000;         0;        ok;
     A0087;     A0058;    0.0000;    0.0000;    0.0000;         0;        ok;
     A0087;     A0059;    0.0000;    0.0000;    0.0000;         0;        ok;
     A0087;     A0060;    0.0000;    0.0000;    0.0000;         0;        ok;
     A0087;     A0062;    0.0000;    0.0000;    0.0000;         0;        ok;
     A0087;     A0063;    0.0000;    0.0000;    0.0000;         0;        ok;
     A0087;     A0064;    0.0000;    0.0000;    0.0000;         0;        ok;
     A0087;     A0065;    0.0000;    0.0000;    0.0000;         0;        ok;
     A0087;     A0070;    0.0000;    0.0000;    0.0000;         0;        ok;
     A0087;     A0080;    0.0000;    0.0000;    0.0000;         0;        ok;
     A0087;     A0082;    1.0000;    0.0000;    0.0000;         0;        ok;
     A0087;     A0083;    1.0000;    0.0000;    0.0000;         0;        ok;
     A0087;     A0086;    0.0000;    0.0000;    0.0000;         0;        ok;
     A0087;     A0087;    2.0000;    2.0000;   53.0000;         1;        ok;
     A0087;     A0088;    2.0000;    2.0000;   56.0000;         1;        ok;
     A0087;     A0089;    0.0000;    1.0000;    1.0000;         0;        ok;
     A0088;     A0053;    0.0000;    0.0000;    0.0000;         0;        ok;
     A0088;     A0054;    0.0000;    0.0000;    0.0000;         0;        ok;
     A0088;     A0055;    0.0000;    0.0000;    0.0000;         0;        ok;
     A0088;     A0056;    0.0000;    0.0000;    0.0000;         0;        ok;
     A0088;     A0057;    0.0000;    0.0000;    0.0000;         0;        ok;
     A0088;     A0058;    0.0000;    0.0000;    0.0000;         0;        ok;
     A0088;     A0059;    0.0000;    0.0000;    0.0000;         0;        ok;
     A0088;     A0060;    0.0000;    0.0000;    0.0000;         0;        ok;
     A0088;     A0062;    0.0000;    0.0000;    0.0000;         0;        ok;
     A0088;     A0063;    0.0000;    0.0000;    0.0000;         0;        ok;
     A0088;     A0064;    0.0000;    0.0000;    0.0000;         0;        ok;
     A0088;     A0065;    0.0000;    0.0000;    0.0000;         0;        ok;
     A0088;     A0070;    0.0000;    0.0000;    0.0000;         0;        ok;
     A0088;     A0080;    0.0000;    0.0000;    0.0000;         0;        ok;
     A0088;     A0082;    1.0000;    0.0000;    0.0000;         0;        ok;
     A0088;     A0083;    1.0000;    0.0000;    0.0000;         0;        ok;
     A0088;     A0086;    0.0000;    0.0000;    0.0000;         0;        ok;
     A0088;     A0087;    2.0000;    2.0000;   56.0000;         1;        ok;
     A0088;     A0088;    2.0000;    2.0000;   55.0000;         1;        ok;
     A0088;     A0089;    0.0000;    1.0000;    1.0000;         0;        ok;
     A0089;     A0053;    0.0000;    0.0000;    0.0000;         0;        ok;
     A0089;     A0054;    0.0000;    0.0000;    0.0000;         0;        ok;
     A0089;     A0055;    0.0000;    0.0000;    0.0000;         0;        ok;
     A0089;     A0056;    0.0000;    0.0000;    0.0000;         0;        ok;
     A0089;     A0057;    0.0000;    0.0000;    0.0000;         0;        ok;
     A0089;     A0058;    0.0000;    0.0000;    0.0000;         0;        ok;
     A0089;     A0059;    0.0000;    0.0000;    0.0000;         0;        ok;
     A0089;     A0060;    0.0000;    0.0000;    0.0000;         0;        ok;
     A0089;     A0062;    0.0000;    0.0000;    0.0000;         0;        ok;
     A0089;     A0063;    0.0000;    0.0000;    0.0000;         0;        ok;
     A0089;     A0064;    0.0000;    0.0000;    0.0000;         0;        ok;
     A0089;     A0065;    0.0000;    0.0000;    0.0000;         0;        ok;
     A0089;     A0070;    0.0000;    0.0000;    0.0000;         0;        ok;
     A0089;     A0080;    0.0000;    0.0000;    0.0000;         0;        ok;
     A0089;     A0082;    1.0000;    0.0000;    0.0000;         0;        ok;
     A0089;     A0083;    1.0000;    0.0000;    0.0000;         0;        ok;
     A0089;     A0086;    1.0000;    0.0000;    0.0000;         0;        ok;
     A0089;     A0087;    1.0000;    0.0000;    1.0000;         0;        ok;
     A0089;     A0088;    1.0000;    0.0000;    1.0000;         0;        ok;
     A0089;     A0089;    2.0000;    2.0000;   54.0000;         1;        ok;
