======== Checking equivalence of automata =======
Automata directory:   tests/aut_timbuk_smaller
Timeout:              300 s
reading files ...
-----------------------------------------------
      aut1;      aut2;double-incl;double-incl-d;  congr-up;      '<=';
     A0053;     A0053;    0.0000;    0.0000;    0.8974;         1;        ok;
     A0053;     A0054;    0.0000;    0.0000;    0.5000;         0;        ok;
     A0053;     A0055;    0.0000;    0.0000;    0.5000;         0;        ok;
     A0053;     A0056;    0.0000;    0.0000;    0.8571;         0;        ok;
     A0053;     A0057;    0.0000;    0.0000;    0.5000;         0;        ok;
     A0053;     A0058;    0.0000;    0.0000;    0.5000;         0;        ok;
     A0053;     A0059;    0.0000;    0.0000;    0.5000;         0;        ok;
     A0053;     A0060;    0.0000;    0.0000;    0.5000;         0;        ok;
     A0053;     A0062;    0.0000;    0.0000;    0.5000;         0;        ok;
     A0053;     A0063;    0.0000;    0.0000;    1.0000;         0;        ok;
     A0053;     A0064;    0.0000;    0.0000;    1.0000;         0;        ok;
     A0053;     A0065;    0.0000;    0.0000;    1.0000;         0;        ok;
     A0053;     A0070;    0.0000;    0.0000;    1.0000;         0;        ok;
     A0053;     A0080;    0.0000;    0.0000;    1.0000;         0;        ok;
     A0053;     A0082;    0.0000;    0.0000;    1.0000;         0;        ok;
     A0053;     A0083;    0.0000;    0.0000;    1.0000;         0;        ok;
     A0053;     A0086;    0.0000;    0.0000;    1.0000;         0;        ok;
     A0053;     A0087;    0.0000;    0.0000;    1.0000;         0;        ok;
     A0053;     A0088;    0.0000;    0.0000;    1.0000;         0;        ok;
     A0053;     A0089;    0.0000;    0.0000;    1.0000;         0;        ok;
     A0054;     A0053;    0.0000;    0.0000;    0.5000;         0;        ok;
     A0054;     A0054;    0.0000;    0.0000;    0.8835;         1;        ok;
     A0054;     A0055;    0.0000;    0.0000;    0.7857;         0;        ok;
     A0054;     A0056;    0.0000;    0.0000;    0.5000;         0;        ok;
     A0054;     A0057;    0.0000;    0.0000;    0.7759;         0;        ok;
     A0054;     A0058;    0.0000;    0.0000;    0.7759;         0;        ok;
     A0054;     A0059;    0.0000;    0.0000;    0.7759;         0;        ok;
     A0054;     A0060;    0.0000;    0.0000;    0.8000;         0;        ok;
     A0054;     A0062;    0.0000;    0.0000;    0.8000;         0;        ok;
     A0054;     A0063;    0.0000;    0.0000;    1.0000;         0;        ok;
     A0054;     A0064;    0.0000;    0.0000;    1.0000;         0;        ok;
     A0054;     A0065;    0.0000;    0.0000;    1.0000;         0;        ok;
     A0054;     A0070;    0.0000;    0.0000;    1.0000;         0;        ok;
     A0054;     A0080;    0.0000;    0.0000;    1.0000;         0;        ok;
     A0054;     A0082;    0.0000;    0.0000;    1.0000;         0;        ok;
     A0054;     A0083;    0.0000;    0.0000;    1.0000;         0;        ok;
     A0054;     A0086;    0.0000;    0.0000;    1.0000;         0;        ok;
     A0054;     A0087;    0.0000;    0.0000;    1.0000;         0;        ok;
     A0054;     A0088;    0.0000;    0.0000;    1.0000;         0;        ok;
     A0054;     A0089;    0.0000;    0.0000;    1.0000;         0;        ok;
     A0055;     A0053;    0.0000;    0.0000;    0.5000;         0;        ok;
     A0055;     A0054;    0.0000;    0.0000;    0.7857;         0;        ok;
     A0055;     A0055;    0.0000;    0.0000;    0.8952;         1;        ok;
     A0055;     A0056;    0.0000;    0.0000;    0.5000;         0;        ok;
     A0055;     A0057;    0.0000;    0.0000;    0.7857;         0;        ok;
     A0055;     A0058;    0.0000;    0.0000;    0.7857;         0;        ok;
     A0055;     A0059;    0.0000;    0.0000;    0.7857;         0;        ok;
     A0055;     A0060;    0.0000;    0.0000;    0.7059;         0;        ok;
     A0055;     A0062;    0.0000;    0.0000;    0.7059;         0;        ok;
     A0055;     A0063;    0.0000;    0.0000;    1.0000;         0;        ok;
     A0055;     A0064;    0.0000;    0.0000;    1.0000;         0;        ok;
     A0055;     A0065;    0.0000;    0.0000;    1.0000;         0;        ok;
     A0055;     A0070;    0.0000;    0.0000;    1.0000;         0;        ok;
     A0055;     A0080;    0.0000;    0.0000;    1.0000;         0;        ok;
     A0055;     A0082;    0.0000;    0.0000;    1.0000;         0;        ok;
     A0055;     A0083;    0.0000;    0.0000;    1.0000;         0;        ok;
     A0055;     A0086;    0.0000;    0.0000;    1.0000;         0;        ok;
     A0055;     A0087;    0.0000;    0.0000;    1.0000;         0;        ok;
     A0055;     A0088;    0.0000;    0.0000;    1.0000;         0;        ok;
     A0055;     A0089;    0.0000;    0.0000;    1.0000;         0;        ok;
     A0056;     A0053;    0.0000;    0.0000;    0.8571;         0;        ok;
     A0056;     A0054;    0.0000;    0.0000;    0.5000;         0;        ok;
     A0056;     A0055;    0.0000;    0.0000;    0.5000;         0;        ok;
     A0056;     A0056;    0.0000;    0.0000;    0.8897;         1;        ok;
     A0056;     A0057;    0.0000;    0.0000;    0.5000;         0;        ok;
     A0056;     A0058;    0.0000;    0.0000;    0.5000;         0;        ok;
     A0056;     A0059;    0.0000;    0.0000;    0.5000;         0;        ok;
     A0056;     A0060;    0.0000;    0.0000;    0.5000;         0;        ok;
     A0056;     A0062;    0.0000;    0.0000;    0.5000;         0;        ok;
     A0056;     A0063;    0.0000;    0.0000;    1.0000;         0;        ok;
     A0056;     A0064;    0.0000;    0.0000;    1.0000;         0;        ok;
     A0056;     A0065;    0.0000;    0.0000;    1.0000;         0;        ok;
     A0056;     A0070;    0.0000;    0.0000;    1.0000;         0;        ok;
     A0056;     A0080;    0.0000;    0.0000;    1.0000;         0;        ok;
     A0056;     A0082;    0.0000;    0.0000;    1.0000;         0;        ok;
     A0056;     A0083;    0.0000;    0.0000;    1.0000;         0;        ok;
     A0056;     A0086;    0.0000;    0.0000;    1.0000;         0;        ok;
     A0056;     A0087;    0.0000;    0.0000;    1.0000;         0;        ok;
     A0056;     A0088;    0.0000;    0.0000;    1.0000;         0;        ok;
     A0056;     A0089;    0.0000;    0.0000;    1.0000;         0;        ok;
     A0057;     A0053;    0.0000;    0.0000;    0.5000;         0;        ok;
     A0057;     A0054;    0.0000;    0.0000;    0.7759;         0;        ok;
     A0057;     A0055;    0.0000;    0.0000;    0.7857;         0;        ok;
     A0057;     A0056;    0.0000;    0.0000;    0.5000;         0;        ok;
     A0057;     A0057;    0.0000;    0.0000;    0.8868;         1;        ok;
     A0057;     A0058;    0.0000;    0.0000;    0.8189;         0;        ok;
     A0057;     A0059;    0.0000;    0.0000;    0.8136;         0;        ok;
     A0057;     A0060;    0.0000;    0.0000;    0.8000;         0;        ok;
     A0057;     A0062;    0.0000;    0.0000;    0.8000;         0;        ok;
     A0057;     A0063;    0.0000;    0.0000;    1.0000;         0;        ok;
     A0057;     A0064;    0.0000;    0.0000;    1.0000;         0;        ok;
     A0057;     A0065;    0.0000;    0.0000;    1.0000;         0;        ok;
     A0057;     A0070;    0.0000;    0.0000;    1.0000;         0;        ok;
     A0057;     A0080;    0.0000;    0.0000;    1.0000;         0;        ok;
     A0057;     A0082;    0.0000;    0.0000;    1.0000;         0;        ok;
     A0057;     A0083;    0.0000;    0.0000;    1.0000;         0;        ok;
     A0057;     A0086;    0.0000;    0.0000;    1.0000;         0;        ok;
     A0057;     A0087;    0.0000;    0.0000;    1.0000;         0;        ok;
     A0057;     A0088;    0.0000;    0.0000;    1.0000;         0;        ok;
     A0057;     A0089;    0.0000;    0.0000;    1.0000;         0;        ok;
     A0058;     A0053;    0.0000;    0.0000;    0.5000;         0;        ok;
     A0058;     A0054;    0.0000;    0.0000;    0.8095;         0;        ok;
     A0058;     A0055;    0.0000;    0.0000;    0.7857;         0;        ok;
     A0058;     A0056;    0.0000;    0.0000;    0.5000;         0;        ok;
     A0058;     A0057;    0.0000;    0.0000;    0.8378;         0;        ok;
     A0058;     A0058;    0.0000;    0.0000;    0.8779;         1;        ok;
     A0058;     A0059;    0.0000;    0.0000;    0.8254;         0;        ok;
     A0058;     A0060;    0.0000;    0.0000;    0.8000;         0;        ok;
     A0058;     A0062;    0.0000;    0.0000;    0.8000;         0;        ok;
     A0058;     A0063;    0.0000;    0.0000;    1.0000;         0;        ok;
     A0058;     A0064;    0.0000;    0.0000;    1.0000;         0;        ok;
     A0058;     A0065;    0.0000;    0.0000;    1.0000;         0;        ok;
     A0058;     A0070;    0.0000;    0.0000;    1.0000;         0;        ok;
     A0058;     A0080;    0.0000;    0.0000;    1.0000;         0;        ok;
     A0058;     A0082;    0.0000;    0.0000;    1.0000;         0;        ok;
     A0058;     A0083;    0.0000;    0.0000;    1.0000;         0;        ok;
     A0058;     A0086;    0.0000;    0.0000;    1.0000;         0;        ok;
     A0058;     A0087;    0.0000;    0.0000;    1.0000;         0;        ok;
     A0058;     A0088;    0.0000;    0.0000;    1.0000;         0;        ok;
     A0058;     A0089;    0.0000;    0.0000;    1.0000;         0;        ok;
     A0059;     A0053;    0.0000;    0.0000;    0.5000;         0;        ok;
     A0059;     A0054;    0.0000;    0.0000;    0.8095;         0;        ok;
     A0059;     A0055;    0.0000;    0.0000;    0.7857;         0;        ok;
     A0059;     A0056;    0.0000;    0.0000;    0.5000;         0;        ok;
     A0059;     A0057;    0.0000;    0.0000;    0.8333;         0;        ok;
     A0059;     A0058;    0.0000;    0.0000;    0.8281;         0;        ok;
     A0059;     A0059;    0.0000;    0.0000;    0.8705;         1;        ok;
     A0059;     A0060;    0.0000;    0.0000;    0.8000;         0;        ok;
     A0059;     A0062;    0.0000;    0.0000;    0.8000;         0;        ok;
     A0059;     A0063;    0.0000;    0.0000;    1.0000;         0;        ok;
     A0059;     A0064;    0.0000;    0.0000;    1.0000;         0;        ok;
     A0059;     A0065;    0.0000;    0.0000;    1.0000;         0;        ok;
     A0059;     A0070;    0.0000;    0.0000;    1.0000;         0;        ok;
     A0059;     A0080;    0.0000;    0.0000;    1.0000;         0;        ok;
     A0059;     A0082;    0.0000;    0.0000;    1.0000;         0;        ok;
     A0059;     A0083;    0.0000;    0.0000;    1.0000;         0;        ok;
     A0059;     A0086;    0.0000;    0.0000;    1.0000;         0;        ok;
     A0059;     A0087;    0.0000;    0.0000;    1.0000;         0;        ok;
     A0059;     A0088;    0.0000;    0.0000;    1.0000;         0;        ok;
     A0059;     A0089;    0.0000;    0.0000;    1.0000;         0;        ok;
     A0060;     A0053;    0.0000;    0.0000;    0.5000;         0;        ok;
     A0060;     A0054;    0.0000;    0.0000;    0.8000;         0;        ok;
     A0060;     A0055;    0.0000;    0.0000;    0.7059;         0;        ok;
     A0060;     A0056;    0.0000;    0.0000;    0.5000;         0;        ok;
     A0060;     A0057;    0.0000;    0.0000;    0.8000;         0;        ok;
     A0060;     A0058;    0.0000;    0.0000;    0.8000;         0;        ok;
     A0060;     A0059;    0.0000;    0.0000;    0.8000;         0;        ok;
     A0060;     A0060;    0.0000;    0.0000;    0.9073;         1;        ok;
     A0060;     A0062;    0.0000;    0.0000;    0.9055;         0;        ok;
     A0060;     A0063;    0.0000;    0.0000;    1.0000;         0;        ok;
     A0060;     A0064;    0.0000;    0.0000;    1.0000;         0;        ok;
     A0060;     A0065;    0.0000;    0.0000;    1.0000;         0;        ok;
     A0060;     A0070;    0.0000;    0.0000;    1.0000;         0;        ok;
     A0060;     A0080;    0.0000;    0.0000;    1.0000;         0;        ok;
     A0060;     A0082;    0.0000;    0.0000;    1.0000;         0;        ok;
     A0060;     A0083;    0.0000;    0.0000;    1.0000;         0;        ok;
     A0060;     A0086;    0.0000;    0.0000;    1.0000;         0;        ok;
     A0060;     A0087;    0.0000;    0.0000;    1.0000;         0;        ok;
     A0060;     A0088;    0.0000;    0.0000;    1.0000;         0;        ok;
     A0060;     A0089;    0.0000;    0.0000;    1.0000;         0;        ok;
     A0062;     A0053;    0.0000;    0.0000;    0.5000;         0;        ok;
     A0062;     A0054;    0.0000;    0.0000;    0.8000;         0;        ok;
     A0062;     A0055;    0.0000;    0.0000;    0.7059;         0;        ok;
     A0062;     A0056;    0.0000;    0.0000;    0.5000;         0;        ok;
     A0062;     A0057;    0.0000;    0.0000;    0.8000;         0;        ok;
     A0062;     A0058;    0.0000;    0.0000;    0.8000;         0;        ok;
     A0062;     A0059;    0.0000;    0.0000;    0.8000;         0;        ok;
     A0062;     A0060;    0.0000;    0.0000;    0.7778;         0;        ok;
     A0062;     A0062;    0.0000;    0.0000;    0.9008;         1;        ok;
     A0062;     A0063;    0.0000;    0.0000;    1.0000;         0;        ok;
     A0062;     A0064;    0.0000;    0.0000;    1.0000;         0;        ok;
     A0062;     A0065;    0.0000;    0.0000;    1.0000;         0;        ok;
     A0062;     A0070;    0.0000;    0.0000;    1.0000;         0;        ok;
     A0062;     A0080;    0.0000;    0.0000;    1.0000;         0;        ok;
     A0062;     A0082;    0.0000;    0.0000;    1.0000;         0;        ok;
     A0062;     A0083;    0.0000;    0.0000;    1.0000;         0;        ok;
     A0062;     A0086;    0.0000;    0.0000;    1.0000;         0;        ok;
     A0062;     A0087;    0.0000;    0.0000;    1.0000;         0;        ok;
     A0062;     A0088;    0.0000;    0.0000;    1.0000;         0;        ok;
     A0062;     A0089;    0.0000;    0.0000;    1.0000;         0;        ok;
     A0063;     A0053;    0.0000;    0.0000;    1.0000;         0;        ok;
     A0063;     A0054;    0.0000;    0.0000;    1.0000;         0;        ok;
     A0063;     A0055;    0.0000;    0.0000;    1.0000;         0;        ok;
     A0063;     A0056;    0.0000;    0.0000;    1.0000;         0;        ok;
     A0063;     A0057;    0.0000;    0.0000;    1.0000;         0;        ok;
     A0063;     A0058;    0.0000;    0.0000;    1.0000;         0;        ok;
     A0063;     A0059;    0.0000;    0.0000;    1.0000;         0;        ok;
     A0063;     A0060;    0.0000;    0.0000;    1.0000;         0;        ok;
     A0063;     A0062;    0.0000;    0.0000;    1.0000;         0;        ok;
     A0063;     A0063;    0.0000;    0.0000;    0.8741;         1;        ok;
     A0063;     A0064;    0.0000;    0.0000;    0.8741;         1;        ok;
     A0063;     A0065;    0.0000;    0.0000;    0.8741;         1;        ok;
     A0063;     A0070;    0.0000;    0.0000;    0.7885;         0;        ok;
     A0063;     A0080;    0.0000;    0.0000;    0.9032;         0;        ok;
     A0063;     A0082;    0.0000;    0.0000;    0.9143;         0;        ok;
     A0063;     A0083;    0.0000;    0.0000;    0.9143;         0;        ok;
     A0063;     A0086;    0.0000;    0.0000;    0.9167;         0;        ok;
     A0063;     A0087;    0.0000;    0.0000;    0.8462;         0;        ok;
     A0063;     A0088;    0.0000;    0.0000;    0.8462;         0;        ok;
     A0063;     A0089;    0.0000;    0.0000;    0.8462;         0;        ok;
     A0064;     A0053;    0.0000;    0.0000;    1.0000;         0;        ok;
     A0064;     A0054;    0.0000;    0.0000;    1.0000;         0;        ok;
     A0064;     A0055;    0.0000;    0.0000;    1.0000;         0;        ok;
     A0064;     A0056;    0.0000;    0.0000;    1.0000;         0;        ok;
     A0064;     A0057;    0.0000;    0.0000;    1.0000;         0;        ok;
     A0064;     A0058;    0.0000;    0.0000;    1.0000;         0;        ok;
     A0064;     A0059;    0.0000;    0.0000;    1.0000;         0;        ok;
     A0064;     A0060;    0.0000;    0.0000;    1.0000;         0;        ok;
     A0064;     A0062;    0.0000;    0.0000;    1.0000;         0;        ok;
     A0064;     A0063;    0.0000;    0.0000;    0.8739;         1;        ok;
     A0064;     A0064;    0.0000;    0.0000;    0.8739;         1;        ok;
     A0064;     A0065;    0.0000;    0.0000;    0.8739;         1;        ok;
     A0064;     A0070;    0.0000;    0.0000;    0.7952;         0;        ok;
     A0064;     A0080;    0.0000;    0.0000;    0.9032;         0;        ok;
     A0064;     A0082;    0.0000;    0.0000;    0.9143;         0;        ok;
     A0064;     A0083;    0.0000;    0.0000;    0.9143;         0;        ok;
     A0064;     A0086;    0.0000;    0.0000;    0.9167;         0;        ok;
     A0064;     A0087;    0.0000;    0.0000;    0.8462;         0;        ok;
     A0064;     A0088;    0.0000;    0.0000;    0.8462;         0;        ok;
     A0064;     A0089;    0.0000;    0.0000;    0.8462;         0;        ok;
     A0065;     A0053;    0.0000;    0.0000;    1.0000;         0;        ok;
     A0065;     A0054;    0.0000;    0.0000;    1.0000;         0;        ok;
     A0065;     A0055;    0.0000;    0.0000;    1.0000;         0;        ok;
     A0065;     A0056;    0.0000;    0.0000;    1.0000;         0;        ok;
     A0065;     A0057;    0.0000;    0.0000;    1.0000;         0;        ok;
     A0065;     A0058;    0.0000;    0.0000;    1.0000;         0;        ok;
     A0065;     A0059;    0.0000;    0.0000;    1.0000;         0;        ok;
     A0065;     A0060;    0.0000;    0.0000;    1.0000;         0;        ok;
     A0065;     A0062;    0.0000;    0.0000;    1.0000;         0;        ok;
     A0065;     A0063;    0.0000;    0.0000;    0.8741;         1;        ok;
     A0065;     A0064;    0.0000;    0.0000;    0.8741;         1;        ok;
     A0065;     A0065;    0.0000;    0.0000;    0.8741;         1;        ok;
     A0065;     A0070;    0.0000;    0.0000;    0.7885;         0;        ok;
     A0065;     A0080;    0.0000;    0.0000;    0.9032;         0;        ok;
     A0065;     A0082;    0.0000;    0.0000;    0.9143;         0;        ok;
     A0065;     A0083;    0.0000;    0.0000;    0.9143;         0;        ok;
     A0065;     A0086;    0.0000;    0.0000;    0.9167;         0;        ok;
     A0065;     A0087;    0.0000;    0.0000;    0.8462;         0;        ok;
     A0065;     A0088;    0.0000;    0.0000;    0.8462;         0;        ok;
     A0065;     A0089;    0.0000;    0.0000;    0.8462;         0;        ok;
     A0070;     A0053;    0.0000;    0.0000;    1.0000;         0;        ok;
     A0070;     A0054;    0.0000;    0.0000;    1.0000;         0;        ok;
     A0070;     A0055;    0.0000;    0.0000;    1.0000;         0;        ok;
     A0070;     A0056;    0.0000;    0.0000;    1.0000;         0;        ok;
     A0070;     A0057;    0.0000;    0.0000;    1.0000;         0;        ok;
     A0070;     A0058;    0.0000;    0.0000;    1.0000;         0;        ok;
     A0070;     A0059;    0.0000;    0.0000;    1.0000;         0;        ok;
     A0070;     A0060;    0.0000;    0.0000;    1.0000;         0;        ok;
     A0070;     A0062;    0.0000;    0.0000;    1.0000;         0;        ok;
     A0070;     A0063;    0.0000;    0.0000;    0.7647;         0;        ok;
     A0070;     A0064;    0.0000;    0.0000;    0.7647;         0;        ok;
     A0070;     A0065;    0.0000;    0.0000;    0.7647;         0;        ok;
     A0070;     A0070;    0.0000;    0.0000;    0.8400;         1;        ok;
     A0070;     A0080;    0.0000;    0.0000;    0.9091;         0;        ok;
     A0070;     A0082;    0.0000;    0.0000;    0.9189;         0;        ok;
     A0070;     A0083;    0.0000;    0.0000;    0.9189;         0;        ok;
     A0070;     A0086;    0.0000;    0.0000;    0.9118;         0;        ok;
     A0070;     A0087;    0.0000;    0.0000;    0.8667;         0;        ok;
     A0070;     A0088;    0.0000;    0.0000;    0.8667;         0;        ok;
     A0070;     A0089;    0.0000;    0.0000;    0.8571;         0;        ok;
     A0080;     A0053;    0.0000;    0.0000;    1.0000;         0;        ok;
     A0080;     A0054;    0.0000;    0.0000;    1.0000;         0;        ok;
     A0080;     A0055;    0.0000;    0.0000;    1.0000;         0;        ok;
     A0080;     A0056;    0.0000;    0.0000;    1.0000;         0;        ok;
     A0080;     A0057;    0.0000;    0.0000;    1.0000;         0;        ok;
     A0080;     A0058;    0.0000;    0.0000;    1.0000;         0;        ok;
     A0080;     A0059;    0.0000;    0.0000;    1.0000;         0;        ok;
     A0080;     A0060;    0.0000;    0.0000;    1.0000;         0;        ok;
     A0080;     A0062;    0.0000;    0.0000;    1.0000;         0;        ok;
     A0080;     A0063;    0.0000;    0.0000;    0.9032;         0;        ok;
     A0080;     A0064;    0.0000;    0.0000;    0.9032;         0;        ok;
     A0080;     A0065;    0.0000;    0.0000;    0.9032;         0;        ok;
     A0080;     A0070;    0.0000;    0.0000;    0.9091;         0;        ok;
     A0080;     A0080;    0.0000;    0.0000;    0.9064;         1;        ok;
     A0080;     A0082;    0.0000;    0.0000;    0.8466;         0;        ok;
     A0080;     A0083;    0.0000;    0.0000;    0.8466;         0;        ok;
     A0080;     A0086;    0.0000;    0.0000;    0.9167;         0;        ok;
     A0080;     A0087;    0.0000;    0.0000;    0.9091;         0;        ok;
     A0080;     A0088;    0.0000;    0.0000;    0.9091;         0;        ok;
     A0080;     A0089;    0.0000;    0.0000;    0.9091;         0;        ok;
     A0082;     A0053;    0.0000;    0.0000;    1.0000;         0;        ok;
     A0082;     A0054;    0.0000;    0.0000;    1.0000;         0;        ok;
     A0082;     A0055;    0.0000;    0.0000;    1.0000;         0;        ok;
     A0082;     A0056;    0.0000;    0.0000;    1.0000;         0;        ok;
     A0082;     A0057;    0.0000;    0.0000;    1.0000;         0;        ok;
     A0082;     A0058;    0.0000;    0.0000;    1.0000;         0;        ok;
     A0082;     A0059;    0.0000;    0.0000;    1.0000;         0;        ok;
     A0082;     A0060;    0.0000;    0.0000;    1.0000;         0;        ok;
     A0082;     A0062;    0.0000;    0.0000;    1.0000;         0;        ok;
     A0082;     A0063;    0.0000;    0.0000;    0.9143;         0;        ok;
     A0082;     A0064;    0.0000;    0.0000;    0.9143;         0;        ok;
     A0082;     A0065;    0.0000;    0.0000;    0.9143;         0;        ok;
     A0082;     A0070;    0.0000;    0.0000;    0.9189;         0;        ok;
     A0082;     A0080;    0.0000;    0.0000;    0.8466;         0;        ok;
     A0082;     A0082;    0.0000;    0.0000;    0.9041;         1;        ok;
     A0082;     A0083;    0.0000;    0.0000;    0.9041;         1;        ok;
     A0082;     A0086;    0.0000;    0.0000;    0.9211;         0;        ok;
     A0082;     A0087;    0.0000;    0.0000;    0.9130;         0;        ok;
     A0082;     A0088;    0.0000;    0.0000;    0.9130;         0;        ok;
     A0082;     A0089;    0.0000;    0.0000;    0.9130;         0;        ok;
     A0083;     A0053;    0.0000;    0.0000;    1.0000;         0;        ok;
     A0083;     A0054;    0.0000;    0.0000;    1.0000;         0;        ok;
     A0083;     A0055;    0.0000;    0.0000;    1.0000;         0;        ok;
     A0083;     A0056;    0.0000;    0.0000;    1.0000;         0;        ok;
     A0083;     A0057;    0.0000;    0.0000;    1.0000;         0;        ok;
     A0083;     A0058;    0.0000;    0.0000;    1.0000;         0;        ok;
     A0083;     A0059;    0.0000;    0.0000;    1.0000;         0;        ok;
     A0083;     A0060;    0.0000;    0.0000;    1.0000;         0;        ok;
     A0083;     A0062;    0.0000;    0.0000;    1.0000;         0;        ok;
     A0083;     A0063;    0.0000;    0.0000;    0.9143;         0;        ok;
     A0083;     A0064;    0.0000;    0.0000;    0.9143;         0;        ok;
     A0083;     A0065;    0.0000;    0.0000;    0.9143;         0;        ok;
     A0083;     A0070;    0.0000;    0.0000;    0.9189;         0;        ok;
     A0083;     A0080;    0.0000;    0.0000;    0.8466;         0;        ok;
     A0083;     A0082;    0.0000;    0.0000;    0.9083;         1;        ok;
     A0083;     A0083;    0.0000;    0.0000;    0.9083;         1;        ok;
     A0083;     A0086;    0.0000;    0.0000;    0.9211;         0;        ok;
     A0083;     A0087;    0.0000;    0.0000;    0.9130;         0;        ok;
     A0083;     A0088;    0.0000;    0.0000;    0.9130;         0;        ok;
     A0083;     A0089;    0.0000;    0.0000;    0.9130;         0;        ok;
     A0086;     A0053;    0.0000;    0.0000;    1.0000;         0;        ok;
     A0086;     A0054;    0.0000;    0.0000;    1.0000;         0;        ok;
     A0086;     A0055;    0.0000;    0.0000;    1.0000;         0;        ok;
     A0086;     A0056;    0.0000;    0.0000;    1.0000;         0;        ok;
     A0086;     A0057;    0.0000;    0.0000;    1.0000;         0;        ok;
     A0086;     A0058;    0.0000;    0.0000;    1.0000;         0;        ok;
     A0086;     A0059;    0.0000;    0.0000;    1.0000;         0;        ok;
     A0086;     A0060;    0.0000;    0.0000;    1.0000;         0;        ok;
     A0086;     A0062;    0.0000;    0.0000;    1.0000;         0;        ok;
     A0086;     A0063;    0.0000;    0.0000;    0.9167;         0;        ok;
     A0086;     A0064;    0.0000;    0.0000;    0.9167;         0;        ok;
     A0086;     A0065;    0.0000;    0.0000;    0.9167;         0;        ok;
     A0086;     A0070;    0.0000;    0.0000;    0.9118;         0;        ok;
     A0086;     A0080;    0.0000;    0.0000;    0.9167;         0;        ok;
     A0086;     A0082;    0.0000;    0.0000;    0.9211;         0;        ok;
     A0086;     A0083;    0.0000;    0.0000;    0.9211;         0;        ok;
     A0086;     A0086;    0.0000;    0.0000;    0.8686;         1;        ok;
     A0086;     A0087;    0.0000;    0.0000;    0.9310;         0;        ok;
     A0086;     A0088;    0.0000;    0.0000;    0.9310;         0;        ok;
     A0086;     A0089;    0.0000;    0.0000;    0.9286;         0;        ok;
     A0087;     A0053;    0.0000;    0.0000;    1.0000;         0;        ok;
     A0087;     A0054;    0.0000;    0.0000;    1.0000;         0;        ok;
     A0087;     A0055;    0.0000;    0.0000;    1.0000;         0;        ok;
     A0087;     A0056;    0.0000;    0.0000;    1.0000;         0;        ok;
     A0087;     A0057;    0.0000;    0.0000;    1.0000;         0;        ok;
     A0087;     A0058;    0.0000;    0.0000;    1.0000;         0;        ok;
     A0087;     A0059;    0.0000;    0.0000;    1.0000;         0;        ok;
     A0087;     A0060;    0.0000;    0.0000;    1.0000;         0;        ok;
     A0087;     A0062;    0.0000;    0.0000;    1.0000;         0;        ok;
     A0087;     A0063;    0.0000;    0.0000;    0.8462;         0;        ok;
     A0087;     A0064;    0.0000;    0.0000;    0.8462;         0;        ok;
     A0087;     A0065;    0.0000;    0.0000;    0.8462;         0;        ok;
     A0087;     A0070;    0.0000;    0.0000;    0.8667;         0;        ok;
     A0087;     A0080;    0.0000;    0.0000;    0.9091;         0;        ok;
     A0087;     A0082;    0.0000;    0.0000;    0.9130;         0;        ok;
     A0087;     A0083;    0.0000;    0.0000;    0.9130;         0;        ok;
     A0087;     A0086;    0.0000;    0.0000;    0.9310;         0;        ok;
     A0087;     A0087;    0.0000;    0.0000;    0.8588;         1;        ok;
     A0087;     A0088;    0.0000;    0.0000;    0.8588;         1;        ok;
     A0087;     A0089;    0.0000;    0.0000;    0.8333;         0;        ok;
     A0088;     A0053;    0.0000;    0.0000;    1.0000;         0;        ok;
     A0088;     A0054;    0.0000;    0.0000;    1.0000;         0;        ok;
     A0088;     A0055;    0.0000;    0.0000;    1.0000;         0;        ok;
     A0088;     A0056;    0.0000;    0.0000;    1.0000;         0;        ok;
     A0088;     A0057;    0.0000;    0.0000;    1.0000;         0;        ok;
     A0088;     A0058;    0.0000;    0.0000;    1.0000;         0;        ok;
     A0088;     A0059;    0.0000;    0.0000;    1.0000;         0;        ok;
     A0088;     A0060;    0.0000;    0.0000;    1.0000;         0;        ok;
     A0088;     A0062;    0.0000;    0.0000;    1.0000;         0;        ok;
     A0088;     A0063;    0.0000;    0.0000;    0.8462;         0;        ok;
     A0088;     A0064;    0.0000;    0.0000;    0.8462;         0;        ok;
     A0088;     A0065;    0.0000;    0.0000;    0.8462;         0;        ok;
     A0088;     A0070;    0.0000;    0.0000;    0.8667;         0;        ok;
     A0088;     A0080;    0.0000;    0.0000;    0.9091;         0;        ok;
     A0088;     A0082;    0.0000;    0.0000;    0.9130;         0;        ok;
     A0088;     A0083;    0.0000;    0.0000;    0.9130;         0;        ok;
     A0088;     A0086;    0.0000;    0.0000;    0.9310;         0;        ok;
     A0088;     A0087;    0.0000;    0.0000;    0.8596;         1;        ok;
     A0088;     A0088;    0.0000;    0.0000;    0.8596;         1;        ok;
     A0088;     A0089;    0.0000;    0.0000;    0.8333;         0;        ok;
     A0089;     A0053;    0.0000;    0.0000;    1.0000;         0;        ok;
     A0089;     A0054;    0.0000;    0.0000;    1.0000;         0;        ok;
     A0089;     A0055;    0.0000;    0.0000;    1.0000;         0;        ok;
     A0089;     A0056;    0.0000;    0.0000;    1.0000;         0;        ok;
     A0089;     A0057;    0.0000;    0.0000;    1.0000;         0;        ok;
     A0089;     A0058;    0.0000;    0.0000;    1.0000;         0;        ok;
     A0089;     A0059;    0.0000;    0.0000;    1.0000;         0;        ok;
     A0089;     A0060;    0.0000;    0.0000;    1.0000;         0;        ok;
     A0089;     A0062;    0.0000;    0.0000;    1.0000;         0;        ok;
     A0089;     A0063;    0.0000;    0.0000;    0.8462;         0;        ok;
     A0089;     A0064;    0.0000;    0.0000;    0.8462;         0;        ok;
     A0089;     A0065;    0.0000;    0.0000;    0.8462;         0;        ok;
     A0089;     A0070;    0.0000;    0.0000;    0.8571;         0;        ok;
     A0089;     A0080;    0.0000;    0.0000;    0.9091;         0;        ok;
     A0089;     A0082;    0.0000;    0.0000;    0.9130;         0;        ok;
     A0089;     A0083;    0.0000;    0.0000;    0.9130;         0;        ok;
     A0089;     A0086;    0.0000;    0.0000;    0.9286;         0;        ok;
     A0089;     A0087;    0.0000;    0.0000;    0.8333;         0;        ok;
     A0089;     A0088;    0.0000;    0.0000;    0.8333;         0;        ok;
     A0089;     A0089;    0.0000;    0.0000;    0.8675;         1;        ok;
